08:07:26 - INFO - b'[21/08/2024 08:07:26] --- Open the serial port COM8 ---> SUCCESS'
08:07:57 - INFO - b'[21/08/2024 08:07:57] --- Open the serial port COM8 ---> SUCCESS'
08:08:02 - INFO - b'[21/08/2024 08:08:02] --- Failed to open the serial port COM3 ---> ERROR'
08:08:05 - INFO - b'[21/08/2024 08:08:05] --- Open the serial port COM10 ---> SUCCESS'
08:08:09 - INFO - b'[21/08/2024 08:08:09] --- Open the serial port Microsoft XPS Document Writer ---> INFO'
08:08:16 - INFO - b'[21/08/2024 08:08:16] --- Open the serial port Microsoft Print to PDF ---> INFO'
08:08:18 - INFO - b'[21/08/2024 08:08:18] --- Open the serial port Microsoft XPS Document Writer ---> INFO'
08:08:19 - INFO - b'[21/08/2024 08:08:19] --- Open the serial port Fax ---> INFO'
08:08:21 - INFO - b'[21/08/2024 08:08:21] --- Open the serial port Microsoft XPS Document Writer ---> INFO'
08:10:39 - INFO - b'[21/08/2024 08:10:39] --- Open the serial port COM8 ---> SUCCESS'
08:10:51 - INFO - b'[21/08/2024 08:10:51] --- Open the serial port COM8 ---> SUCCESS'
08:10:55 - INFO - b'[21/08/2024 08:10:55] --- Open the serial port COM8 ---> SUCCESS'
08:11:07 - INFO - b'[21/08/2024 08:11:07] --- Open the serial port COM8 ---> SUCCESS'
08:11:32 - INFO - b'[21/08/2024 08:11:32] --- Open the serial port COM8 ---> SUCCESS'
08:14:04 - INFO - b'[21/08/2024 08:14:04] --- Open the serial port COM8 ---> SUCCESS'
08:14:41 - INFO - b'[21/08/2024 08:14:41] --- Open the serial port COM8 ---> SUCCESS'
08:15:21 - INFO - b'[21/08/2024 08:15:21] --- Open the serial port COM8 ---> SUCCESS'
08:15:51 - INFO - b'[21/08/2024 08:15:51] --- Open the serial port COM8 ---> SUCCESS'
08:17:32 - INFO - b'[21/08/2024 08:17:32] --- Open the serial port COM8 ---> SUCCESS'
08:17:56 - INFO - b'[21/08/2024 08:17:56] --- Open the serial port COM8 ---> SUCCESS'
08:22:03 - INFO - b'[21/08/2024 08:22:03] --- Open the serial port COM8 ---> SUCCESS'
08:22:17 - INFO - b'[21/08/2024 08:22:17] --- Open the serial port COM8 ---> SUCCESS'
08:23:22 - INFO - b'[21/08/2024 08:23:22] --- Open the serial port COM8 ---> SUCCESS'
08:24:21 - INFO - b'[21/08/2024 08:24:21] --- Open the serial port COM8 ---> SUCCESS'
08:24:48 - INFO - b'[21/08/2024 08:24:48] --- Open the serial port COM8 ---> SUCCESS'
08:26:31 - INFO - b'[21/08/2024 08:26:31] --- Open the serial port COM8 ---> SUCCESS'
08:27:09 - INFO - b'[21/08/2024 08:27:09] --- Open the serial port COM8 ---> SUCCESS'
08:27:47 - INFO - b'[21/08/2024 08:27:47] --- Open the serial port COM8 ---> SUCCESS'
08:27:52 - INFO - b'[21/08/2024 08:27:52] --- Open the serial port COM8 ---> SUCCESS'
08:28:24 - INFO - b'[21/08/2024 08:28:24] --- Open the serial port COM8 ---> SUCCESS'
08:28:38 - INFO - b'[21/08/2024 08:28:38] --- Failed to open the serial port COM3 ---> ERROR'
08:28:40 - INFO - b'[21/08/2024 08:28:40] --- Open the serial port COM11 ---> SUCCESS'
08:29:02 - INFO - b'[21/08/2024 08:29:02] --- Open the serial port COM8 ---> SUCCESS'
08:33:12 - INFO - b'[21/08/2024 08:33:12] --- Open the serial port COM8 ---> SUCCESS'
08:33:43 - INFO - b'[21/08/2024 08:33:43] --- Open the serial port COM8 ---> SUCCESS'
08:33:52 - INFO - b'[21/08/2024 08:33:52] --- Open the serial port COM8 ---> SUCCESS'
08:33:58 - INFO - b'[21/08/2024 08:33:58] --- Open the serial port COM8 ---> SUCCESS'
08:34:22 - INFO - b'[21/08/2024 08:34:22] --- Open the serial port COM8 ---> SUCCESS'
08:36:08 - INFO - b'[21/08/2024 08:36:08] --- Open the serial port COM8 ---> SUCCESS'
08:36:10 - INFO - b'[21/08/2024 08:36:10] --- Cancel Print Job! ---> WARNING'
08:36:12 - INFO - b'[21/08/2024 08:36:12] --- Cancel Print Job! ---> WARNING'
08:36:29 - INFO - b'[21/08/2024 08:36:29] --- Open the serial port COM8 ---> SUCCESS'
08:36:49 - INFO - b'[21/08/2024 08:36:49] --- Open the serial port COM8 ---> SUCCESS'
08:36:51 - INFO - b'[21/08/2024 08:36:51] --- Cancel Print Job! ---> WARNING'
08:36:53 - INFO - b'[21/08/2024 08:36:53] --- Cancel Print Job! ---> WARNING'
08:36:54 - INFO - b'[21/08/2024 08:36:54] --- Cancel Print Job! ---> WARNING'
08:36:54 - INFO - b'[21/08/2024 08:36:54] --- Cancel Print Job! ---> WARNING'
08:36:55 - INFO - b'[21/08/2024 08:36:55] --- Cancel Print Job! ---> WARNING'
08:36:56 - INFO - b'[21/08/2024 08:36:56] --- Cancel Print Job! ---> WARNING'
08:36:58 - INFO - b'[21/08/2024 08:36:58] --- Cancel Print Job! ---> WARNING'
08:36:59 - INFO - b'[21/08/2024 08:36:59] --- Cancel Print Job! ---> WARNING'
08:36:59 - INFO - b'[21/08/2024 08:36:59] --- Cancel Print Job! ---> WARNING'
08:37:00 - INFO - b'[21/08/2024 08:37:00] --- Cancel Print Job! ---> WARNING'
08:37:01 - INFO - b'[21/08/2024 08:37:01] --- Cancel Print Job! ---> WARNING'
08:37:01 - INFO - b'[21/08/2024 08:37:01] --- Cancel Print Job! ---> WARNING'
08:41:44 - INFO - b'[21/08/2024 08:41:44] --- Open the serial port COM8 ---> SUCCESS'
08:41:47 - ERROR - b"Can't Open Update.exe! -- [WinError 2] The system cannot find the file specified"
08:41:49 - ERROR - b"Can't Open Update.exe! -- [WinError 2] The system cannot find the file specified"
08:41:49 - ERROR - b"Can't Open Update.exe! -- [WinError 2] The system cannot find the file specified"
08:42:04 - INFO - b'[21/08/2024 08:42:04] --- Open the serial port COM8 ---> SUCCESS'
08:42:05 - INFO - b'Open file Update.exe!'
08:44:09 - INFO - b'[21/08/2024 08:44:09] --- Open the serial port COM8 ---> SUCCESS'
08:46:27 - INFO - b'[21/08/2024 08:46:27] --- Cancel Print Job! ---> WARNING'
08:46:29 - INFO - b'[21/08/2024 08:46:29] --- Open the serial port COM8 ---> SUCCESS'
08:48:32 - INFO - b'[21/08/2024 08:48:32] --- Open the serial port COM8 ---> SUCCESS'
08:48:37 - INFO - b'[21/08/2024 08:48:37] --- Cancel Print Job! ---> WARNING'
08:48:37 - INFO - b'[21/08/2024 08:48:37] --- Cancel Print Job! ---> WARNING'
08:48:42 - INFO - b'[21/08/2024 08:48:42] --- Failed to open the serial port COM4 ---> ERROR'
08:48:44 - INFO - b'[21/08/2024 08:48:44] --- Open the serial port COM11 ---> SUCCESS'
08:48:45 - INFO - b'[21/08/2024 08:48:45] --- Open the serial port COM1 ---> SUCCESS'
08:48:49 - INFO - b'[21/08/2024 08:48:49] --- Failed to open the serial port COM4 ---> ERROR'
08:48:50 - INFO - b'[21/08/2024 08:48:50] --- Open the serial port COM1 ---> SUCCESS'
08:50:00 - INFO - b'[21/08/2024 08:50:00] --- Open the serial port COM8 ---> SUCCESS'
08:50:01 - INFO - b'Close Program'
08:54:19 - INFO - b'[21/08/2024 08:54:19] --- Open the serial port COM8 ---> SUCCESS'
08:54:22 - INFO - b'Close Program'
08:54:57 - INFO - b'[21/08/2024 08:54:57] --- Open the serial port COM8 ---> SUCCESS'
08:55:23 - INFO - b'Close Program'
08:55:44 - INFO - b'[21/08/2024 08:55:44] --- Open the serial port COM8 ---> SUCCESS'
08:55:51 - INFO - b'Close Program'
08:56:35 - INFO - b'[21/08/2024 08:56:35] --- Open the serial port COM8 ---> SUCCESS'
08:58:17 - INFO - b'[21/08/2024 08:58:17] --- Cancel Print Job! ---> WARNING'
08:58:17 - INFO - b'[21/08/2024 08:58:17] --- Cancel Print Job! ---> WARNING'
08:58:21 - INFO - b'[21/08/2024 08:58:21] --- Cancel Print Job! ---> WARNING'
08:58:21 - INFO - b'[21/08/2024 08:58:21] --- Cancel Print Job! ---> WARNING'
08:58:21 - INFO - b'[21/08/2024 08:58:21] --- Cancel Print Job! ---> WARNING'
08:58:22 - INFO - b'[21/08/2024 08:58:22] --- Cancel Print Job! ---> WARNING'
08:58:22 - INFO - b'[21/08/2024 08:58:22] --- Cancel Print Job! ---> WARNING'
08:58:22 - INFO - b'[21/08/2024 08:58:22] --- Cancel Print Job! ---> WARNING'
08:58:23 - INFO - b'[21/08/2024 08:58:23] --- Cancel Print Job! ---> WARNING'
08:58:23 - INFO - b'[21/08/2024 08:58:23] --- Cancel Print Job! ---> WARNING'
08:58:23 - INFO - b'[21/08/2024 08:58:23] --- Cancel Print Job! ---> WARNING'
08:58:23 - INFO - b'[21/08/2024 08:58:23] --- Cancel Print Job! ---> WARNING'
08:59:49 - INFO - b'[21/08/2024 08:59:49] --- Open the serial port COM8 ---> SUCCESS'
08:59:50 - INFO - b'[21/08/2024 08:59:50] --- Cancel Print Job! ---> WARNING'
09:00:08 - INFO - b'[21/08/2024 09:00:08] --- Open the serial port COM8 ---> SUCCESS'
09:00:10 - INFO - b'[21/08/2024 09:00:10] --- Cancel Print Job! ---> WARNING'
09:00:11 - INFO - b'[21/08/2024 09:00:11] --- Cancel Print Job! ---> WARNING'
09:00:14 - INFO - b'[21/08/2024 09:00:14] --- Cancel Print Job! ---> WARNING'
09:00:24 - INFO - b'[21/08/2024 09:00:24] --- Cancel Print Job! ---> WARNING'
09:00:24 - INFO - b'[21/08/2024 09:00:24] --- Cancel Print Job! ---> WARNING'
09:00:26 - INFO - b'[21/08/2024 09:00:26] --- Cancel Print Job! ---> WARNING'
09:00:26 - INFO - b'[21/08/2024 09:00:26] --- Cancel Print Job! ---> WARNING'
09:00:27 - INFO - b'[21/08/2024 09:00:27] --- Cancel Print Job! ---> WARNING'
09:00:28 - INFO - b'[21/08/2024 09:00:28] --- Cancel Print Job! ---> WARNING'
09:00:29 - INFO - b'[21/08/2024 09:00:29] --- Cancel Print Job! ---> WARNING'
09:00:29 - INFO - b'[21/08/2024 09:00:29] --- Cancel Print Job! ---> WARNING'
09:00:30 - INFO - b'[21/08/2024 09:00:30] --- Cancel Print Job! ---> WARNING'
09:00:30 - INFO - b'[21/08/2024 09:00:30] --- Cancel Print Job! ---> WARNING'
09:00:31 - INFO - b'[21/08/2024 09:00:31] --- Cancel Print Job! ---> WARNING'
09:00:43 - INFO - b'[21/08/2024 09:00:43] --- Open the serial port COM8 ---> SUCCESS'
09:00:45 - INFO - b'[21/08/2024 09:00:45] --- Cancel Print Job! ---> WARNING'
09:00:48 - INFO - b'Open file Update.exe!'
09:01:09 - INFO - b'[21/08/2024 09:01:09] --- Cancel Print Job! ---> WARNING'
09:01:19 - INFO - b'Close Program'
09:07:19 - INFO - b'[21/08/2024 09:07:19] --- Open the serial port COM8 ---> SUCCESS'
09:15:09 - INFO - b'Close Program'
09:21:04 - INFO - b'[21/08/2024 09:21:04] --- Open the serial port COM8 ---> SUCCESS'
09:21:12 - INFO - b'[21/08/2024 09:21:12] --- Open the serial port COM8 ---> SUCCESS'
09:21:29 - INFO - b'Close Program'
09:27:37 - INFO - b'[21/08/2024 09:27:37] --- Open the serial port COM8 ---> SUCCESS'
09:28:05 - INFO - b'[21/08/2024 09:28:05] --- Open the serial port COM8 ---> SUCCESS'
09:29:54 - INFO - b'[21/08/2024 09:29:54] --- Open the serial port COM8 ---> SUCCESS'
09:34:31 - INFO - b'[21/08/2024 09:34:31] --- Open the serial port COM8 ---> SUCCESS'
09:35:26 - INFO - b'[21/08/2024 09:35:26] --- Open the serial port COM8 ---> SUCCESS'
09:35:56 - INFO - b'[21/08/2024 09:35:56] --- Open the serial port COM8 ---> SUCCESS'
09:36:17 - INFO - b'[21/08/2024 09:36:17] --- Open the serial port COM8 ---> SUCCESS'
09:37:17 - INFO - b'[21/08/2024 09:37:17] --- Open the serial port COM8 ---> SUCCESS'
09:37:41 - INFO - b'Close Program'
09:38:09 - INFO - b'[21/08/2024 09:38:09] --- Open the serial port COM8 ---> SUCCESS'
09:38:23 - INFO - b'Close Program'
09:40:45 - INFO - b'[21/08/2024 09:40:45] --- Open the serial port COM8 ---> SUCCESS'
09:43:55 - INFO - b'[21/08/2024 09:43:55] --- Open the serial port COM8 ---> SUCCESS'
09:46:22 - INFO - b'[21/08/2024 09:46:22] --- Open the serial port COM8 ---> SUCCESS'
09:46:38 - INFO - b'Close Program'
09:49:31 - INFO - b'[21/08/2024 09:49:31] --- Open the serial port COM8 ---> SUCCESS'
09:49:43 - INFO - b'Close Program'
09:54:02 - INFO - b'[21/08/2024 09:54:02] --- Open the serial port COM8 ---> SUCCESS'
09:54:12 - INFO - b'Close Program'
09:55:30 - INFO - b'[21/08/2024 09:55:30] --- Open the serial port COM8 ---> SUCCESS'
09:58:39 - INFO - b'[21/08/2024 09:58:39] --- Open the serial port COM8 ---> SUCCESS'
09:58:48 - INFO - b'[21/08/2024 09:58:48] --- Open the serial port COM8 ---> SUCCESS'
09:59:28 - INFO - b'[21/08/2024 09:59:28] --- Open the serial port COM8 ---> SUCCESS'
09:59:59 - INFO - b'Close Program'
10:02:43 - INFO - b'[21/08/2024 10:02:43] --- Open the serial port COM8 ---> SUCCESS'
10:03:01 - INFO - b'Close Program'
10:03:32 - INFO - b'[21/08/2024 10:03:32] --- Open the serial port COM8 ---> SUCCESS'
10:03:45 - INFO - b'Close Program'
10:06:37 - INFO - b'[21/08/2024 10:06:37] --- Open the serial port COM8 ---> SUCCESS'
10:07:37 - INFO - b'[21/08/2024 10:07:37] --- Open the serial port COM8 ---> SUCCESS'
10:07:58 - INFO - b'Close Program'
10:10:02 - INFO - b'[21/08/2024 10:10:02] --- Open the serial port COM8 ---> SUCCESS'
10:10:26 - INFO - b'Close Program'
10:14:34 - INFO - b'[21/08/2024 10:14:34] --- Open the serial port COM8 ---> SUCCESS'
10:14:46 - INFO - b'Close Program'
10:33:04 - INFO - b'[21/08/2024 10:33:04] --- Open the serial port COM8 ---> SUCCESS'
10:34:25 - INFO - b'[21/08/2024 10:34:25] --- Open the serial port COM8 ---> SUCCESS'
10:36:12 - INFO - b'[21/08/2024 10:36:12] --- Open the serial port COM8 ---> SUCCESS'
10:37:00 - INFO - b'[21/08/2024 10:37:00] --- Open the serial port COM8 ---> SUCCESS'
10:37:26 - INFO - b'[21/08/2024 10:37:26] --- Open the serial port COM8 ---> SUCCESS'
10:37:30 - INFO - b'Close Program'
10:37:50 - INFO - b'[21/08/2024 10:37:50] --- Open the serial port COM8 ---> SUCCESS'
10:38:08 - INFO - b'Close Program'
10:38:30 - INFO - b'[21/08/2024 10:38:30] --- Open the serial port COM8 ---> SUCCESS'
10:38:35 - INFO - b'Close Program'
10:39:42 - INFO - b'[21/08/2024 10:39:42] --- Open the serial port COM8 ---> SUCCESS'
10:39:53 - INFO - b'[21/08/2024 10:39:53] --- Open the serial port COM8 ---> SUCCESS'
10:40:18 - INFO - b'Close Program'
10:41:44 - INFO - b'[21/08/2024 10:41:44] --- Open the serial port COM8 ---> SUCCESS'
10:43:38 - INFO - b'[21/08/2024 10:43:38] --- Open the serial port COM8 ---> SUCCESS'
10:45:58 - INFO - b'[21/08/2024 10:45:58] --- Open the serial port COM8 ---> SUCCESS'
10:47:55 - INFO - b'[21/08/2024 10:47:55] --- Open the serial port COM8 ---> SUCCESS'
10:48:08 - INFO - b'Close Program'
10:53:50 - INFO - b'[21/08/2024 10:53:50] --- Open the serial port COM8 ---> SUCCESS'
10:56:25 - INFO - b'[21/08/2024 10:56:25] --- Open the serial port COM8 ---> SUCCESS'
10:57:12 - INFO - b'Close Program'
10:57:13 - INFO - b'[21/08/2024 10:57:13] --- Open the serial port COM8 ---> SUCCESS'
10:57:52 - INFO - b'Close Program'
10:58:23 - INFO - b'[21/08/2024 10:58:23] --- Open the serial port COM8 ---> SUCCESS'
10:59:53 - INFO - b'[21/08/2024 10:59:53] --- Open the serial port COM8 ---> SUCCESS'
11:00:40 - INFO - b'[21/08/2024 11:00:40] --- Open the serial port COM8 ---> SUCCESS'
11:00:54 - INFO - b'Close Program'
11:04:44 - INFO - b'[21/08/2024 11:04:44] --- Failed to open the serial port COM8 ---> ERROR'
11:05:02 - INFO - b'Close Program'
11:06:36 - INFO - b'[21/08/2024 11:06:36] --- Open the serial port COM8 ---> SUCCESS'
11:06:58 - INFO - b'[21/08/2024 11:06:58] --- Open the serial port COM8 ---> SUCCESS'
11:07:42 - INFO - b'[21/08/2024 11:07:42] --- Open the serial port COM8 ---> SUCCESS'
11:07:44 - INFO - b'[21/08/2024 11:07:44] --- Wrong data format! ---> WARNING'
11:07:46 - INFO - b'[21/08/2024 11:07:46] --- Wrong data format! ---> WARNING'
11:07:47 - INFO - b'[21/08/2024 11:07:47] --- Wrong data format! ---> WARNING'
11:07:48 - INFO - b'[21/08/2024 11:07:48] --- Wrong data format! ---> WARNING'
11:07:49 - INFO - b'[21/08/2024 11:07:49] --- Wrong data format! ---> WARNING'
11:07:50 - INFO - b'[21/08/2024 11:07:50] --- Wrong data format! ---> WARNING'
11:07:50 - INFO - b'[21/08/2024 11:07:50] --- Wrong data format! ---> WARNING'
11:07:59 - INFO - b'[21/08/2024 11:07:59] --- Wrong data format! ---> WARNING'
11:08:00 - INFO - b'[21/08/2024 11:08:00] --- Wrong data format! ---> WARNING'
11:08:02 - INFO - b'[21/08/2024 11:08:02] --- Wrong data format! ---> WARNING'
11:08:03 - INFO - b'Close Program'
11:08:57 - INFO - b'[21/08/2024 11:08:57] --- Open the serial port COM8 ---> SUCCESS'
11:10:33 - INFO - b'[21/08/2024 11:10:33] --- Open the serial port COM8 ---> SUCCESS'
11:10:48 - INFO - b'[21/08/2024 11:10:48] --- Wrong data format! ---> WARNING'
11:10:54 - INFO - b'Close Program'
11:11:27 - INFO - b'[21/08/2024 11:11:27] --- Open the serial port COM8 ---> SUCCESS'
11:11:32 - INFO - b'[21/08/2024 11:11:32] --- Wrong data format! ---> WARNING'
11:12:18 - INFO - b'[21/08/2024 11:12:18] --- Open the serial port COM8 ---> SUCCESS'
11:12:24 - INFO - b'[21/08/2024 11:12:24] --- Wrong data format! ---> WARNING'
11:12:27 - INFO - b'[21/08/2024 11:12:27] --- Wrong data format! ---> WARNING'
11:12:38 - INFO - b'[21/08/2024 11:12:38] --- Open the serial port COM8 ---> SUCCESS'
11:12:43 - INFO - b'[21/08/2024 11:12:43] --- Wrong data format! ---> WARNING'
11:12:45 - INFO - b'[21/08/2024 11:12:45] --- Wrong data format! ---> WARNING'
11:14:35 - INFO - b'[21/08/2024 11:14:35] --- Open the serial port COM8 ---> SUCCESS'
11:14:43 - INFO - b'[21/08/2024 11:14:43] --- Wrong data format! ---> WARNING'
11:14:46 - INFO - b'[21/08/2024 11:14:46] --- Wrong data format! ---> WARNING'
11:14:47 - INFO - b'[21/08/2024 11:14:47] --- Wrong data format! ---> WARNING'
11:15:38 - INFO - b'[21/08/2024 11:15:38] --- Open the serial port COM8 ---> SUCCESS'
11:15:39 - INFO - b'[21/08/2024 11:15:39] --- Wrong data format! ---> WARNING'
11:15:41 - INFO - b'[21/08/2024 11:15:41] --- Wrong data format! ---> WARNING'
11:15:44 - INFO - b'[21/08/2024 11:15:44] --- Wrong data format! ---> WARNING'
11:16:38 - INFO - b'Close Program'
11:16:39 - INFO - b'[21/08/2024 11:16:39] --- Open the serial port COM8 ---> SUCCESS'
11:16:54 - INFO - b'Close Program'
11:17:57 - INFO - b'[21/08/2024 11:17:57] --- Open the serial port COM8 ---> SUCCESS'
11:17:59 - INFO - b'[21/08/2024 11:17:59] --- Wrong data format! ---> WARNING'
11:18:02 - INFO - b'[21/08/2024 11:18:02] --- Wrong data format! ---> WARNING'
11:18:03 - INFO - b'[21/08/2024 11:18:03] --- Wrong data format! ---> WARNING'
11:18:15 - INFO - b'[21/08/2024 11:18:15] --- Open the serial port COM8 ---> SUCCESS'
11:18:16 - INFO - b'[21/08/2024 11:18:16] --- Wrong data format! ---> WARNING'
11:18:33 - INFO - b'[21/08/2024 11:18:33] --- Open the serial port COM8 ---> SUCCESS'
11:18:35 - INFO - b'[21/08/2024 11:18:35] --- Wrong data format! ---> WARNING'
11:18:37 - INFO - b'[21/08/2024 11:18:37] --- Wrong data format! ---> WARNING'
11:18:58 - INFO - b'[21/08/2024 11:18:58] --- Open the serial port COM8 ---> SUCCESS'
11:19:01 - INFO - b'[21/08/2024 11:19:01] --- Wrong data format! ---> WARNING'
11:19:22 - INFO - b'[21/08/2024 11:19:22] --- Open the serial port COM8 ---> SUCCESS'
11:19:28 - INFO - b'[21/08/2024 11:19:28] --- Wrong data format! ---> WARNING'
11:21:47 - INFO - b'Close Program'
11:21:51 - INFO - b'[21/08/2024 11:21:51] --- Open the serial port COM8 ---> SUCCESS'
11:21:57 - INFO - b'Close Program'
11:22:38 - INFO - b'[21/08/2024 11:22:38] --- Open the serial port COM8 ---> SUCCESS'
11:23:02 - INFO - b'Close Program'
11:23:22 - INFO - b'[21/08/2024 11:23:22] --- Open the serial port COM8 ---> SUCCESS'
11:23:26 - INFO - b'[21/08/2024 11:23:26] --- Open the serial port COM8 ---> SUCCESS'
11:29:43 - INFO - b'[21/08/2024 11:29:43] --- Open the serial port COM8 ---> SUCCESS'
11:40:22 - INFO - b'Close Program'
