08:39:00 - INFO - b'[20/10/2024 08:39:00] --- Open the serial port COM8 ---> SUCCESS'
08:39:07 - INFO - b'Close Program'
08:39:12 - INFO - b'[20/10/2024 08:39:12] --- Open the serial port COM8 ---> SUCCESS'
08:39:19 - INFO - b'[20/10/2024 08:39:19] --- Open the serial port Microsoft XPS Document Writer ---> INFO'
08:41:21 - INFO - b'Close Program'
08:41:30 - INFO - b'[20/10/2024 08:41:30] --- Open the serial port COM8 ---> SUCCESS'
08:41:33 - INFO - b'[20/10/2024 08:41:33] --- Open the serial port Microsoft XPS Document Writer ---> INFO'
08:41:56 - INFO - b"[20/10/2024 08:41:56] ---  Error print GLUE BOX: HTTPConnectionPool(host='10.228.14.26', port=17716): Max retries exceeded with url: /CheckPallet/DataLogInTemp (Caused by NewConnectionError('<urllib3.connection.HTTPConnection object at 0x00000216F6C0A8E0>: Failed to establish a new connection: [WinError 10060] A connection attempt failed because the connected party did not properly respond after a period of time, or established connection failed because connected host has failed to respond')) ---> Data Print"
08:42:33 - INFO - b'Close Program'
08:42:34 - INFO - b'[20/10/2024 08:42:34] --- Open the serial port COM8 ---> SUCCESS'
08:42:36 - INFO - b'[20/10/2024 08:42:36] --- Failed to open the serial port COM8 ---> ERROR'
08:42:45 - INFO - b'[20/10/2024 08:42:45] --- Open the serial port Microsoft XPS Document Writer ---> INFO'
08:42:46 - INFO - b'[20/10/2024 08:42:46] ---  Error print GLUE BOX: can only concatenate list (not "str") to list ---> Data Print'
08:42:53 - INFO - b'Close Program'
08:42:57 - INFO - b'Close Program'
08:43:21 - INFO - b'[20/10/2024 08:43:21] --- Open the serial port COM8 ---> SUCCESS'
08:43:25 - INFO - b'[20/10/2024 08:43:25] --- Open the serial port Microsoft XPS Document Writer ---> INFO'
08:43:26 - INFO - b'[20/10/2024 08:43:26] ---  Error print GLUE BOX: can only concatenate list (not "str") to list ---> Data Print'
08:44:30 - INFO - b'Close Program'
08:44:32 - INFO - b'[20/10/2024 08:44:32] --- Open the serial port COM8 ---> SUCCESS'
08:44:39 - INFO - b'[20/10/2024 08:44:39] --- Open the serial port Microsoft XPS Document Writer ---> INFO'
08:44:41 - INFO - b'[20/10/2024 08:44:41] ---  Error print GLUE BOX: can only concatenate list (not "str") to list ---> Data Print'
08:44:59 - INFO - b'Close Program'
08:45:04 - INFO - b'[20/10/2024 08:45:04] --- Open the serial port COM8 ---> SUCCESS'
08:45:08 - INFO - b'[20/10/2024 08:45:08] --- Open the serial port Microsoft XPS Document Writer ---> INFO'
08:45:10 - INFO - b'[20/10/2024 08:45:10] ---  Error print GLUE BOX: can only concatenate list (not "str") to list ---> Data Print'
08:46:23 - INFO - b'Close Program'
08:46:24 - INFO - b'[20/10/2024 08:46:24] --- Open the serial port COM8 ---> SUCCESS'
08:46:28 - INFO - b'[20/10/2024 08:46:28] --- Open the serial port Microsoft XPS Document Writer ---> INFO'
08:46:30 - INFO - b'[20/10/2024 08:46:30] ---  Error print GLUE BOX: can only concatenate list (not "str") to list ---> Data Print'
08:46:59 - INFO - b'Close Program'
08:47:01 - INFO - b'[20/10/2024 08:47:01] --- Open the serial port COM8 ---> SUCCESS'
08:47:04 - INFO - b'[20/10/2024 08:47:04] --- Open the serial port Microsoft XPS Document Writer ---> INFO'
08:47:06 - INFO - b'[20/10/2024 08:47:06] ---  Error print GLUE BOX: can only concatenate list (not "str") to list ---> Data Print'
08:47:34 - INFO - b'Close Program'
08:47:36 - INFO - b'[20/10/2024 08:47:36] --- Open the serial port COM8 ---> SUCCESS'
08:47:39 - INFO - b'[20/10/2024 08:47:39] --- Open the serial port Microsoft XPS Document Writer ---> INFO'
08:47:41 - INFO - b'[20/10/2024 08:47:41] --- 24101809-0003-7887-V000021 ---> Data Print'
08:48:53 - INFO - b'Close Program'
08:54:16 - INFO - b'[20/10/2024 08:54:16] --- Open the serial port COM8 ---> SUCCESS'
08:54:26 - INFO - b'[20/10/2024 08:54:26] --- Open the serial port Microsoft XPS Document Writer ---> INFO'
08:54:28 - INFO - b'[20/10/2024 08:54:28] --- 24101809-0003-7887-V000021 ---> Data Print'
08:56:40 - INFO - b'Close Program'
08:56:42 - INFO - b'[20/10/2024 08:56:42] --- Open the serial port COM8 ---> SUCCESS'
08:56:45 - INFO - b'[20/10/2024 08:56:45] --- Open the serial port Microsoft XPS Document Writer ---> INFO'
08:56:50 - INFO - b'[20/10/2024 08:56:50] --- 24101809-0003-7887-V000021 ---> Data Print'
08:57:02 - INFO - b'[20/10/2024 08:57:02] --- 24101809-0003-7887-V000021 ---> Data Print'
08:57:06 - INFO - b'[20/10/2024 08:57:06] --- 24101809-0003-7887-V000021 ---> Data Print'
08:57:26 - INFO - b'[20/10/2024 08:57:26] --- 24101809-0003-7887-V000021 ---> Data Print'
08:57:41 - INFO - b'Close Program'
09:00:00 - INFO - b'[20/10/2024 09:00:00] --- Open the serial port COM8 ---> SUCCESS'
09:00:04 - INFO - b'[20/10/2024 09:00:04] --- Open the serial port Microsoft XPS Document Writer ---> INFO'
09:00:06 - INFO - b'[20/10/2024 09:00:06] --- 24101809-0003-7887-V000021 ---> Data Print'
09:13:43 - INFO - b'Close Program'
09:14:13 - INFO - b'[20/10/2024 09:14:13] --- Open the serial port COM8 ---> SUCCESS'
09:14:17 - INFO - b'Close Program'
09:14:28 - INFO - b'[20/10/2024 09:14:28] --- Open the serial port COM8 ---> SUCCESS'
09:28:47 - INFO - b'Close Program'
09:29:00 - INFO - b'[20/10/2024 09:29:00] --- Open the serial port COM8 ---> SUCCESS'
09:29:06 - INFO - b'[20/10/2024 09:29:06] --- Open the serial port Microsoft XPS Document Writer ---> INFO'
09:29:08 - INFO - b"[20/10/2024 09:29:08] ---  Error print GLUE BOX: can't multiply sequence by non-int of type 'float' ---> Data Print"
09:29:50 - INFO - b'[20/10/2024 09:29:50] --- Open the serial port COM8 ---> SUCCESS'
09:29:53 - INFO - b'[20/10/2024 09:29:53] --- Open the serial port Microsoft XPS Document Writer ---> INFO'
09:29:54 - INFO - b"[20/10/2024 09:29:54] ---  Error print GLUE BOX: can't multiply sequence by non-int of type 'float' ---> Data Print"
09:30:38 - INFO - b'[20/10/2024 09:30:38] --- Open the serial port COM8 ---> SUCCESS'
09:30:42 - INFO - b'[20/10/2024 09:30:42] --- Open the serial port Microsoft XPS Document Writer ---> INFO'
09:30:43 - INFO - b"[20/10/2024 09:30:43] ---  Error print GLUE BOX: can't multiply sequence by non-int of type 'float' ---> Data Print"
09:31:19 - INFO - b'Close Program'
09:31:28 - INFO - b'[20/10/2024 09:31:28] --- Open the serial port COM8 ---> SUCCESS'
09:31:32 - INFO - b'[20/10/2024 09:31:32] --- Open the serial port Microsoft XPS Document Writer ---> INFO'
09:31:34 - INFO - b"[20/10/2024 09:31:34] ---  Error print GLUE BOX: can't multiply sequence by non-int of type 'float' ---> Data Print"
09:31:58 - INFO - b'Close Program'
09:32:02 - INFO - b'[20/10/2024 09:32:02] --- Open the serial port COM8 ---> SUCCESS'
09:32:06 - INFO - b'[20/10/2024 09:32:06] --- Open the serial port Microsoft XPS Document Writer ---> INFO'
09:32:08 - INFO - b"[20/10/2024 09:32:08] ---  Error print GLUE BOX: name 'l' is not defined ---> Data Print"
09:32:13 - INFO - b'Close Program'
09:34:15 - INFO - b'[20/10/2024 09:34:15] --- Open the serial port COM8 ---> SUCCESS'
09:36:16 - INFO - b'Close Program'
09:36:18 - INFO - b'[20/10/2024 09:36:18] --- Open the serial port COM8 ---> SUCCESS'
09:36:22 - INFO - b'[20/10/2024 09:36:22] --- Open the serial port Microsoft XPS Document Writer ---> INFO'
09:36:24 - INFO - b"[20/10/2024 09:36:24] ---  Error print GLUE BOX: can't multiply sequence by non-int of type 'float' ---> Data Print"
09:36:57 - INFO - b'[20/10/2024 09:36:57] --- Open the serial port COM8 ---> SUCCESS'
09:37:01 - INFO - b'[20/10/2024 09:37:01] --- Open the serial port Microsoft XPS Document Writer ---> INFO'
09:37:03 - INFO - b"[20/10/2024 09:37:03] ---  Error print GLUE BOX: can't multiply sequence by non-int of type 'float' ---> Data Print"
09:37:28 - INFO - b'[20/10/2024 09:37:28] --- Open the serial port COM8 ---> SUCCESS'
09:37:32 - INFO - b'[20/10/2024 09:37:32] --- Open the serial port Microsoft XPS Document Writer ---> INFO'
09:37:33 - INFO - b"[20/10/2024 09:37:33] ---  Error print GLUE BOX: can't multiply sequence by non-int of type 'float' ---> Data Print"
09:37:48 - INFO - b'[20/10/2024 09:37:48] --- Open the serial port COM8 ---> SUCCESS'
09:37:52 - INFO - b"[20/10/2024 09:37:52] ---  Error print GLUE BOX: can't multiply sequence by non-int of type 'float' ---> Data Print"
09:38:02 - INFO - b'[20/10/2024 09:38:02] --- Open the serial port COM8 ---> SUCCESS'
09:38:11 - INFO - b'[20/10/2024 09:38:11] --- Open the serial port COM8 ---> SUCCESS'
09:38:13 - INFO - b"[20/10/2024 09:38:13] ---  Error print GLUE BOX: can't multiply sequence by non-int of type 'float' ---> Data Print"
09:38:35 - INFO - b'[20/10/2024 09:38:35] --- Open the serial port COM8 ---> SUCCESS'
09:38:40 - INFO - b'[20/10/2024 09:38:40] --- Open the serial port Microsoft XPS Document Writer ---> INFO'
09:38:41 - INFO - b"[20/10/2024 09:38:41] ---  Error print GLUE BOX: 'in <string>' requires string as left operand, not float ---> Data Print"
09:39:15 - INFO - b'Close Program'
09:39:19 - INFO - b'[20/10/2024 09:39:19] --- Open the serial port COM8 ---> SUCCESS'
09:39:22 - INFO - b'[20/10/2024 09:39:22] --- Open the serial port Microsoft XPS Document Writer ---> INFO'
09:39:24 - INFO - b"[20/10/2024 09:39:24] ---  Error print GLUE BOX: 'in <string>' requires string as left operand, not float ---> Data Print"
09:39:48 - INFO - b'[20/10/2024 09:39:48] --- Open the serial port COM8 ---> SUCCESS'
09:39:50 - INFO - b'[20/10/2024 09:39:50] --- Open the serial port Microsoft XPS Document Writer ---> INFO'
09:39:52 - INFO - b"[20/10/2024 09:39:52] ---  Error print GLUE BOX: can't multiply sequence by non-int of type 'float' ---> Data Print"
09:41:03 - INFO - b'[20/10/2024 09:41:03] --- Open the serial port COM8 ---> SUCCESS'
09:42:01 - INFO - b'[20/10/2024 09:42:01] --- Open the serial port COM8 ---> SUCCESS'
09:42:05 - INFO - b'[20/10/2024 09:42:05] --- Open the serial port Microsoft XPS Document Writer ---> INFO'
09:42:07 - INFO - b'[20/10/2024 09:42:07] --- 24101809-0003-7887-V000021 ---> Data Print'
09:42:49 - INFO - b'Close Program'
09:43:33 - INFO - b'[20/10/2024 09:43:33] --- Open the serial port COM8 ---> SUCCESS'
09:43:46 - INFO - b'[20/10/2024 09:43:46] --- Open the serial port Microsoft XPS Document Writer ---> INFO'
09:43:48 - INFO - b'[20/10/2024 09:43:48] --- 24101809-0003-7887-V000021 ---> Data Print'
09:44:34 - INFO - b'[20/10/2024 09:44:34] --- Open the serial port COM8 ---> SUCCESS'
09:46:36 - INFO - b'[20/10/2024 09:46:36] --- Open the serial port Microsoft XPS Document Writer ---> INFO'
09:46:38 - INFO - b'[20/10/2024 09:46:38] --- 241018009-0003-7887-V000021 ---> Data Print'
09:47:06 - INFO - b'Close Program'
09:47:24 - INFO - b'[20/10/2024 09:47:24] --- Open the serial port COM8 ---> SUCCESS'
09:47:32 - INFO - b'[20/10/2024 09:47:32] --- Open the serial port Microsoft XPS Document Writer ---> INFO'
09:47:35 - INFO - b'[20/10/2024 09:47:35] --- 241018009-0003-7887-V000021 ---> Data Print'
09:47:56 - INFO - b'Close Program'
09:48:14 - INFO - b'[20/10/2024 09:48:14] --- Open the serial port COM8 ---> SUCCESS'
09:48:25 - INFO - b'[20/10/2024 09:48:25] --- Open the serial port Microsoft XPS Document Writer ---> INFO'
09:48:26 - INFO - b'[20/10/2024 09:48:26] --- 241018009-0003-7887-V000021 ---> Data Print'
09:48:40 - INFO - b'Close Program'
09:49:04 - INFO - b'[20/10/2024 09:49:04] --- Open the serial port COM8 ---> SUCCESS'
09:49:10 - INFO - b'[20/10/2024 09:49:10] --- Open the serial port Microsoft XPS Document Writer ---> INFO'
09:49:12 - INFO - b'[20/10/2024 09:49:12] --- 241018009-0003-7887-V000021 ---> Data Print'
09:49:45 - INFO - b'[20/10/2024 09:49:45] --- Open the serial port COM8 ---> SUCCESS'
09:49:48 - INFO - b'[20/10/2024 09:49:48] --- Open the serial port Microsoft XPS Document Writer ---> INFO'
09:49:49 - INFO - b'[20/10/2024 09:49:49] --- 241018009-0003-7887-V000021 ---> Data Print'
09:50:02 - INFO - b'Close Program'
09:50:12 - INFO - b'[20/10/2024 09:50:12] --- Open the serial port COM8 ---> SUCCESS'
09:50:14 - INFO - b'[20/10/2024 09:50:14] --- Open the serial port Microsoft XPS Document Writer ---> INFO'
09:50:15 - INFO - b'[20/10/2024 09:50:15] --- 241018009-0003-7887-V000021 ---> Data Print'
09:51:38 - INFO - b'Close Program'
09:52:17 - INFO - b'[20/10/2024 09:52:17] --- Open the serial port COM8 ---> SUCCESS'
09:52:22 - INFO - b'[20/10/2024 09:52:22] --- Open the serial port Microsoft Print to PDF ---> INFO'
09:52:24 - INFO - b'[20/10/2024 09:52:24] --- Open the serial port Microsoft XPS Document Writer ---> INFO'
09:52:26 - INFO - b'[20/10/2024 09:52:26] --- 241018009-0003-7887-V000021 ---> Data Print'
09:52:51 - INFO - b'[20/10/2024 09:52:51] --- Open the serial port COM8 ---> SUCCESS'
09:52:57 - INFO - b'[20/10/2024 09:52:57] --- Open the serial port CNCB0 ---> INFO'
09:52:59 - INFO - b'[20/10/2024 09:52:59] --- Open the serial port Microsoft XPS Document Writer ---> INFO'
09:53:01 - INFO - b'[20/10/2024 09:53:01] --- 241018009-0003-7887-V000021 ---> Data Print'
09:53:34 - INFO - b'[20/10/2024 09:53:34] --- Open the serial port COM8 ---> SUCCESS'
09:53:38 - INFO - b'[20/10/2024 09:53:38] --- Open the serial port Microsoft XPS Document Writer ---> INFO'
09:53:39 - INFO - b'[20/10/2024 09:53:39] --- 241018009-0003-7887-V000021 ---> Data Print'
09:54:34 - INFO - b'[20/10/2024 09:54:34] --- Open the serial port COM8 ---> SUCCESS'
09:54:37 - INFO - b'[20/10/2024 09:54:37] --- Open the serial port Microsoft XPS Document Writer ---> INFO'
09:54:39 - INFO - b'[20/10/2024 09:54:39] --- 241018009-0003-7887-V000021 ---> Data Print'
09:55:26 - INFO - b'[20/10/2024 09:55:26] --- Open the serial port COM8 ---> SUCCESS'
09:55:31 - INFO - b'[20/10/2024 09:55:31] --- Open the serial port Microsoft XPS Document Writer ---> INFO'
09:55:33 - INFO - b'[20/10/2024 09:55:33] --- 241018009-0003-7887-V000021 ---> Data Print'
09:56:07 - INFO - b'[20/10/2024 09:56:07] --- Open the serial port COM8 ---> SUCCESS'
09:56:11 - INFO - b'[20/10/2024 09:56:11] --- Open the serial port Microsoft XPS Document Writer ---> INFO'
09:56:14 - INFO - b'[20/10/2024 09:56:14] --- 241018009-0003-7887-V000021 ---> Data Print'
09:56:36 - INFO - b'[20/10/2024 09:56:36] --- Open the serial port COM8 ---> SUCCESS'
09:56:41 - INFO - b'[20/10/2024 09:56:41] --- Open the serial port Microsoft XPS Document Writer ---> INFO'
09:56:43 - INFO - b'[20/10/2024 09:56:43] --- 241018009-0003-7887-V000021 ---> Data Print'
09:57:11 - INFO - b'[20/10/2024 09:57:11] --- Open the serial port COM8 ---> SUCCESS'
09:57:15 - INFO - b'[20/10/2024 09:57:15] --- Open the serial port Microsoft XPS Document Writer ---> INFO'
09:57:16 - INFO - b'[20/10/2024 09:57:16] --- 241018009-0003-7887-V000021 ---> Data Print'
09:57:53 - INFO - b'[20/10/2024 09:57:53] --- Open the serial port COM8 ---> SUCCESS'
09:58:02 - INFO - b'[20/10/2024 09:58:02] --- Open the serial port Microsoft XPS Document Writer ---> INFO'
09:58:04 - INFO - b'[20/10/2024 09:58:04] --- 241018009-0003-7887-V000021 ---> Data Print'
10:00:13 - INFO - b'[20/10/2024 10:00:13] --- Open the serial port COM8 ---> SUCCESS'
10:00:14 - INFO - b'Close Program'
10:03:52 - INFO - b'[20/10/2024 10:03:52] --- Open the serial port COM8 ---> SUCCESS'
10:04:02 - INFO - b'[20/10/2024 10:04:02] --- Open the serial port Microsoft XPS Document Writer ---> INFO'
10:04:04 - INFO - b'[20/10/2024 10:04:04] --- 241018009-0003-7887-V000021 ---> Data Print'
10:05:32 - INFO - b'[20/10/2024 10:05:32] --- Open the serial port COM8 ---> SUCCESS'
10:05:37 - INFO - b'[20/10/2024 10:05:37] --- Open the serial port Microsoft XPS Document Writer ---> INFO'
10:05:39 - INFO - b'[20/10/2024 10:05:39] --- 241018009-0003-7887-V000021 ---> Data Print'
10:06:10 - INFO - b'[20/10/2024 10:06:10] --- Open the serial port COM8 ---> SUCCESS'
10:06:13 - INFO - b'[20/10/2024 10:06:13] --- Open the serial port Microsoft XPS Document Writer ---> INFO'
10:06:15 - INFO - b'[20/10/2024 10:06:15] --- 241018009-0003-7887-V000021 ---> Data Print'
10:06:50 - INFO - b'[20/10/2024 10:06:50] --- Open the serial port COM8 ---> SUCCESS'
10:06:59 - INFO - b'[20/10/2024 10:06:59] --- Open the serial port Microsoft XPS Document Writer ---> INFO'
10:07:01 - INFO - b'[20/10/2024 10:07:01] --- 241018009-0003-7887-V000021 ---> Data Print'
10:07:36 - INFO - b'[20/10/2024 10:07:36] --- Open the serial port COM8 ---> SUCCESS'
10:07:40 - INFO - b'[20/10/2024 10:07:40] --- Open the serial port Microsoft XPS Document Writer ---> INFO'
10:07:42 - INFO - b'[20/10/2024 10:07:42] --- 241018009-0003-7887-V000021 ---> Data Print'
10:09:02 - INFO - b'[20/10/2024 10:09:02] --- Open the serial port COM8 ---> SUCCESS'
10:09:07 - INFO - b'[20/10/2024 10:09:07] --- Open the serial port Microsoft XPS Document Writer ---> INFO'
10:09:10 - INFO - b'[20/10/2024 10:09:10] --- 241018009-0003-7887-V000021 ---> Data Print'
10:09:41 - INFO - b'[20/10/2024 10:09:41] --- Open the serial port COM8 ---> SUCCESS'
10:09:45 - INFO - b'[20/10/2024 10:09:45] --- Open the serial port Microsoft XPS Document Writer ---> INFO'
10:09:47 - INFO - b'[20/10/2024 10:09:47] --- 241018009-0003-7887-V000021 ---> Data Print'
10:10:09 - INFO - b'[20/10/2024 10:10:09] --- Open the serial port COM8 ---> SUCCESS'
10:10:12 - INFO - b'[20/10/2024 10:10:12] --- Open the serial port Microsoft XPS Document Writer ---> INFO'
10:10:14 - INFO - b'[20/10/2024 10:10:14] --- 241018009-0003-7887-V000021 ---> Data Print'
10:11:54 - INFO - b'Close Program'
10:12:35 - INFO - b'[20/10/2024 10:12:35] --- Open the serial port COM8 ---> SUCCESS'
10:13:10 - INFO - b'Close Program'
10:13:14 - INFO - b'[20/10/2024 10:13:14] --- Open the serial port COM8 ---> SUCCESS'
10:13:26 - INFO - b'Close Program'
10:15:01 - INFO - b'[20/10/2024 10:15:01] --- Open the serial port COM8 ---> SUCCESS'
10:15:03 - INFO - b'Close Program'
