17:06:32 - INFO - b'[20/08/2024 17:06:32] --- Failed to open the serial port COM8 ---> ERROR'
17:09:09 - INFO - b'[20/08/2024 17:09:09] --- Failed to open the serial port COM8 ---> ERROR'
17:09:11 - INFO - b'[20/08/2024 17:09:11] --- Failed to open the serial port COM3 ---> ERROR'
17:09:12 - INFO - b'[20/08/2024 17:09:12] --- Failed to open the serial port COM9 ---> ERROR'
17:09:14 - INFO - b'[20/08/2024 17:09:14] --- Failed to open the serial port COM7 ---> ERROR'
17:09:19 - INFO - b'[20/08/2024 17:09:19] --- Open the serial port Microsoft XPS Document Writer ---> INFO'
17:09:23 - INFO - b'[20/08/2024 17:09:23] --- Open the serial port Microsoft Print to PDF ---> INFO'
17:09:25 - INFO - b'[20/08/2024 17:09:25] --- Open the serial port Microsoft XPS Document Writer ---> INFO'
17:09:28 - INFO - b'[20/08/2024 17:09:28] --- Open the serial port PDFill PDF&Image Writer ---> INFO'
17:09:32 - INFO - b'[20/08/2024 17:09:32] --- Open the serial port Microsoft XPS Document Writer ---> INFO'
17:12:19 - INFO - b'[20/08/2024 17:12:19] --- Failed to open the serial port COM8 ---> ERROR'
17:12:26 - INFO - b'[20/08/2024 17:12:26] --- Failed to open the serial port COM11 ---> ERROR'
17:12:29 - INFO - b'[20/08/2024 17:12:29] --- Open the serial port Microsoft Print to PDF ---> INFO'
17:12:34 - INFO - b'[20/08/2024 17:12:34] --- Open the serial port Microsoft XPS Document Writer ---> INFO'
17:12:41 - INFO - b'[20/08/2024 17:12:41] --- Failed to open the serial port COM1 ---> ERROR'
17:15:22 - INFO - b'[20/08/2024 17:15:22] --- Failed to open the serial port COM8 ---> ERROR'
17:15:26 - INFO - b'[20/08/2024 17:15:26] --- Failed to open the serial port COM11 ---> ERROR'
17:15:29 - INFO - b'[20/08/2024 17:15:29] --- Open the serial port Microsoft Print to PDF ---> INFO'
17:15:31 - INFO - b'[20/08/2024 17:15:31] --- Open the serial port Microsoft XPS Document Writer ---> INFO'
17:23:34 - INFO - b'[20/08/2024 17:23:34] --- Failed to open the serial port COM8 ---> ERROR'
17:24:02 - INFO - b'[20/08/2024 17:24:02] --- Failed to open the serial port COM8 ---> ERROR'
17:24:08 - INFO - b'[20/08/2024 17:24:08] --- Failed to open the serial port COM3 ---> ERROR'
17:24:11 - INFO - b'[20/08/2024 17:24:11] --- Failed to open the serial port COM9 ---> ERROR'
17:24:13 - INFO - b'[20/08/2024 17:24:13] --- Failed to open the serial port COM7 ---> ERROR'
17:24:14 - INFO - b'[20/08/2024 17:24:14] --- Failed to open the serial port COM11 ---> ERROR'
17:24:17 - INFO - b'[20/08/2024 17:24:17] --- Open the serial port Microsoft XPS Document Writer ---> INFO'
17:24:20 - INFO - b'[20/08/2024 17:24:20] --- Open the serial port Bullzip PDF Printer ---> INFO'
17:32:06 - INFO - b'[20/08/2024 17:32:06] --- Failed to open the serial port COM8 ---> ERROR'
17:34:44 - INFO - b'[20/08/2024 17:34:44] --- Failed to open the serial port COM8 ---> ERROR'
17:34:50 - INFO - b'[20/08/2024 17:34:50] --- Failed to open the serial port COM8 ---> ERROR'
17:34:55 - INFO - b'[20/08/2024 17:34:55] --- Open the serial port CNCA0 ---> INFO'
17:34:56 - INFO - b'[20/08/2024 17:34:56] --- Open the serial port Microsoft Print to PDF ---> INFO'
17:34:58 - INFO - b'[20/08/2024 17:34:58] --- Failed to open the serial port COM1 ---> ERROR'
17:36:41 - INFO - b'[20/08/2024 17:36:41] --- Failed to open the serial port COM8 ---> ERROR'
17:37:05 - INFO - b'[20/08/2024 17:37:05] --- Failed to open the serial port COM8 ---> ERROR'
17:37:32 - INFO - b'[20/08/2024 17:37:32] --- Failed to open the serial port COM8 ---> ERROR'
17:37:45 - INFO - b'[20/08/2024 17:37:45] --- Failed to open the serial port COM11 ---> ERROR'
17:37:46 - INFO - b'[20/08/2024 17:37:46] --- Open the serial port CNCA0 ---> INFO'
17:37:48 - INFO - b'[20/08/2024 17:37:48] --- Open the serial port PDFill PDF&Image Writer ---> INFO'
17:37:50 - INFO - b'[20/08/2024 17:37:50] --- Open the serial port Bullzip PDF Printer ---> INFO'
17:37:54 - INFO - b'[20/08/2024 17:37:54] --- Failed to open the serial port COM4 ---> ERROR'
17:46:27 - INFO - b'[20/08/2024 17:46:27] --- Open the serial port COM8 ---> SUCCESS'
17:46:29 - INFO - b'[20/08/2024 17:46:29] --- Open the serial port COM11 ---> SUCCESS'
17:46:31 - INFO - b'[20/08/2024 17:46:31] --- Open the serial port Microsoft XPS Document Writer ---> INFO'
17:46:33 - INFO - b'[20/08/2024 17:46:33] --- Open the serial port Microsoft Print to PDF ---> INFO'
17:47:01 - INFO - b'[20/08/2024 17:47:01] --- Open the serial port COM8 ---> SUCCESS'
17:47:05 - INFO - b'[20/08/2024 17:47:05] --- Open the serial port COM9 ---> SUCCESS'
17:47:06 - INFO - b'[20/08/2024 17:47:06] --- Open the serial port COM7 ---> SUCCESS'
17:47:09 - INFO - b'[20/08/2024 17:47:09] --- Open the serial port Microsoft XPS Document Writer ---> INFO'
17:47:26 - INFO - b'[20/08/2024 17:47:26] --- Open the serial port COM8 ---> SUCCESS'
17:47:32 - INFO - b'[20/08/2024 17:47:32] --- Open the serial port COM9 ---> SUCCESS'
17:47:34 - INFO - b'[20/08/2024 17:47:34] --- Open the serial port COM11 ---> SUCCESS'
17:47:35 - INFO - b'[20/08/2024 17:47:35] --- Failed to open the serial port COM3 ---> ERROR'
17:47:37 - INFO - b'[20/08/2024 17:47:37] --- Failed to open the serial port COM4 ---> ERROR'
17:47:43 - INFO - b'[20/08/2024 17:47:43] --- Failed to open the serial port COM3 ---> ERROR'
17:47:54 - INFO - b'[20/08/2024 17:47:54] --- Open the serial port Microsoft Print to PDF ---> INFO'
17:47:56 - INFO - b'[20/08/2024 17:47:56] --- Open the serial port Microsoft XPS Document Writer ---> INFO'
