08:39:14 - INFO - b'[19/10/2024 08:39:14] --- Open the serial port COM8 ---> SUCCESS'
08:39:49 - INFO - b'[19/10/2024 08:39:49] --- Failed to open the serial port COM3 ---> ERROR'
08:39:50 - INFO - b'[19/10/2024 08:39:50] --- Open the serial port COM1 ---> SUCCESS'
08:39:54 - INFO - b'Close Program'
08:45:38 - INFO - b'[19/10/2024 08:45:38] --- Open the serial port COM8 ---> SUCCESS'
08:45:50 - INFO - b'Close Program'
09:06:36 - INFO - b'[19/10/2024 09:06:36] --- Open the serial port COM8 ---> SUCCESS'
09:06:40 - INFO - b'Close Program'
09:12:13 - INFO - b'[19/10/2024 09:12:13] --- Open the serial port COM8 ---> SUCCESS'
09:12:14 - INFO - b'Close Program'
09:12:19 - INFO - b'[19/10/2024 09:12:19] --- Open the serial port COM8 ---> SUCCESS'
09:12:27 - INFO - b'[19/10/2024 09:12:27] --- Open the serial port COM8 ---> SUCCESS'
09:12:37 - INFO - b'[19/10/2024 09:12:37] --- Open the serial port COM8 ---> SUCCESS'
09:12:38 - INFO - b'Close Program'
09:12:45 - INFO - b'[19/10/2024 09:12:45] --- Open the serial port COM8 ---> SUCCESS'
09:12:52 - INFO - b'Close Program'
09:12:54 - INFO - b'[19/10/2024 09:12:54] --- Open the serial port COM8 ---> SUCCESS'
09:13:36 - INFO - b'[19/10/2024 09:13:36] --- Open the serial port COM8 ---> SUCCESS'
09:13:45 - INFO - b'Close Program'
09:14:16 - INFO - b'[19/10/2024 09:14:16] --- Open the serial port COM8 ---> SUCCESS'
10:37:08 - INFO - b'Close Program'
10:37:55 - INFO - b'[19/10/2024 10:37:55] --- Open the serial port COM8 ---> SUCCESS'
10:38:25 - INFO - b'[19/10/2024 10:38:25] --- Open the serial port COM8 ---> SUCCESS'
10:38:57 - INFO - b'Close Program'
10:42:21 - INFO - b'[19/10/2024 10:42:21] --- Open the serial port COM8 ---> SUCCESS'
10:42:30 - INFO - b'Close Program'
10:43:43 - INFO - b'[19/10/2024 10:43:43] --- Open the serial port COM8 ---> SUCCESS'
10:44:01 - INFO - b'Close Program'
10:45:26 - INFO - b'[19/10/2024 10:45:26] --- Open the serial port COM8 ---> SUCCESS'
10:45:30 - INFO - b'Close Program'
10:45:51 - INFO - b'[19/10/2024 10:45:51] --- Open the serial port COM8 ---> SUCCESS'
10:46:05 - INFO - b'Close Program'
10:46:09 - INFO - b'[19/10/2024 10:46:09] --- Open the serial port COM8 ---> SUCCESS'
10:46:10 - INFO - b'Close Program'
10:46:54 - INFO - b'[19/10/2024 10:46:54] --- Open the serial port COM8 ---> SUCCESS'
10:46:55 - INFO - b'Close Program'
11:14:35 - INFO - b'[19/10/2024 11:14:35] --- Open the serial port COM8 ---> SUCCESS'
11:14:43 - INFO - b'Close Program'
11:15:25 - INFO - b'[19/10/2024 11:15:25] --- Open the serial port COM8 ---> SUCCESS'
11:15:32 - INFO - b'Close Program'
11:16:20 - INFO - b'[19/10/2024 11:16:20] --- Open the serial port COM8 ---> SUCCESS'
11:16:29 - INFO - b'Close Program'
11:18:48 - INFO - b'[19/10/2024 11:18:48] --- Open the serial port COM8 ---> SUCCESS'
11:18:51 - INFO - b'Close Program'
11:27:35 - INFO - b'[19/10/2024 11:27:35] --- Open the serial port COM8 ---> SUCCESS'
11:27:51 - INFO - b'[19/10/2024 11:27:51] --- Open the serial port Microsoft XPS Document Writer ---> INFO'
11:27:56 - INFO - b'[19/10/2024 11:27:56] --- Open the serial port COM8 ---> SUCCESS'
11:29:42 - INFO - b'[19/10/2024 11:29:42] --- Open the serial port COM8 ---> SUCCESS'
11:30:40 - INFO - b'[19/10/2024 11:30:40] --- Open the serial port COM8 ---> SUCCESS'
11:31:04 - INFO - b'[19/10/2024 11:31:04] --- Open the serial port COM8 ---> SUCCESS'
11:31:12 - INFO - b'[19/10/2024 11:31:12] --- Open the serial port COM8 ---> SUCCESS'
11:31:29 - INFO - b'[19/10/2024 11:31:29] --- Open the serial port COM8 ---> SUCCESS'
11:32:49 - INFO - b'[19/10/2024 11:32:49] --- Open the serial port COM8 ---> SUCCESS'
11:34:58 - INFO - b'Close Program'
11:51:10 - INFO - b'[19/10/2024 11:51:10] --- Open the serial port COM8 ---> SUCCESS'
11:51:14 - INFO - b'Close Program'
13:07:15 - INFO - b'[19/10/2024 13:07:15] --- Open the serial port COM8 ---> SUCCESS'
13:07:33 - INFO - b'Close Program'
13:07:43 - INFO - b'[19/10/2024 13:07:43] --- Open the serial port COM8 ---> SUCCESS'
13:08:06 - INFO - b'Close Program'
13:08:32 - INFO - b'[19/10/2024 13:08:32] --- Open the serial port COM8 ---> SUCCESS'
13:08:34 - INFO - b'Close Program'
13:08:36 - INFO - b'[19/10/2024 13:08:36] --- Open the serial port COM8 ---> SUCCESS'
13:27:23 - INFO - b'[19/10/2024 13:27:23] --- Open the serial port COM8 ---> SUCCESS'
13:27:26 - INFO - b'Close Program'
13:27:31 - INFO - b'[19/10/2024 13:27:31] --- Open the serial port COM8 ---> SUCCESS'
13:29:03 - INFO - b'[19/10/2024 13:29:03] --- Open the serial port Microsoft XPS Document Writer ---> INFO'
13:29:08 - INFO - b'[19/10/2024 13:29:08] --- Open the serial port COM8 ---> SUCCESS'
13:32:44 - INFO - b'[19/10/2024 13:32:44] --- Open the serial port COM8 ---> SUCCESS'
13:34:35 - INFO - b'[19/10/2024 13:34:35] --- Open the serial port COM8 ---> SUCCESS'
13:34:49 - INFO - b'[19/10/2024 13:34:49] --- Open the serial port Microsoft XPS Document Writer ---> INFO'
13:34:55 - INFO - b'[19/10/2024 13:34:55] --- Open the serial port COM8 ---> SUCCESS'
13:35:39 - INFO - b'[19/10/2024 13:35:39] --- Open the serial port COM8 ---> SUCCESS'
13:39:28 - INFO - b'[19/10/2024 13:39:28] --- Open the serial port COM8 ---> SUCCESS'
13:39:29 - INFO - b'Close Program'
13:39:35 - INFO - b'[19/10/2024 13:39:35] --- Open the serial port COM8 ---> SUCCESS'
13:42:39 - INFO - b'[19/10/2024 13:42:39] --- Open the serial port COM8 ---> SUCCESS'
13:44:35 - INFO - b'[19/10/2024 13:44:35] --- Open the serial port COM8 ---> SUCCESS'
13:45:51 - INFO - b'[19/10/2024 13:45:51] --- Open the serial port COM8 ---> SUCCESS'
13:46:02 - INFO - b'[19/10/2024 13:46:02] --- Open the serial port Microsoft XPS Document Writer ---> INFO'
13:46:03 - INFO - b'[19/10/2024 13:46:03] --- 220928903-0001-925000011, SUCCESS ---> Data QR'
13:46:22 - INFO - b'[19/10/2024 13:46:22] --- 220928903-0001-925000011, SUCCESS ---> Data QR'
13:46:26 - INFO - b'[19/10/2024 13:46:26] --- 220928903-0001-925000011, SUCCESS ---> Data QR'
13:46:27 - INFO - b'[19/10/2024 13:46:27] --- 220928903-0001-925000011, SUCCESS ---> Data QR'
13:46:34 - INFO - b'[19/10/2024 13:46:34] --- 220928903-0001-925000011, SUCCESS ---> Data QR'
13:46:37 - INFO - b'[19/10/2024 13:46:37] --- 220928903-0001-925000011, SUCCESS ---> Data QR'
13:46:43 - INFO - b'[19/10/2024 13:46:43] --- 220928903-0001-925000011, SUCCESS ---> Data QR'
13:46:43 - INFO - b'[19/10/2024 13:46:43] --- 220928903-0001-925000011, SUCCESS ---> Data QR'
13:46:44 - INFO - b'[19/10/2024 13:46:44] --- 220928903-0001-925000011, SUCCESS ---> Data QR'
13:46:44 - INFO - b'[19/10/2024 13:46:44] --- 220928903-0001-925000011, SUCCESS ---> Data QR'
13:46:44 - INFO - b'[19/10/2024 13:46:44] --- 220928903-0001-925000011, SUCCESS ---> Data QR'
13:56:27 - INFO - b'[19/10/2024 13:56:27] --- Open the serial port COM8 ---> SUCCESS'
13:56:41 - INFO - b'[19/10/2024 13:56:41] --- Open the serial port Microsoft XPS Document Writer ---> INFO'
13:56:42 - ERROR - b" Error write_log_API: 'MyApplication' object has no attribute 'DeviceID' "
13:56:43 - INFO - b'[19/10/2024 13:56:43] --- 220928903-0001-925000011, SUCCESS ---> Data QR'
13:58:11 - INFO - b'[19/10/2024 13:58:11] --- Open the serial port COM8 ---> SUCCESS'
13:58:18 - INFO - b'Close Program'
13:59:01 - INFO - b'[19/10/2024 13:59:01] --- Open the serial port COM8 ---> SUCCESS'
13:59:10 - INFO - b'[19/10/2024 13:59:10] --- Wrong data format! ---> WARNING'
13:59:23 - INFO - b'[19/10/2024 13:59:23] --- Open the serial port Microsoft XPS Document Writer ---> INFO'
13:59:32 - ERROR - b" Error write_log_API: 'MyApplication' object has no attribute 'DeviceID' "
13:59:32 - INFO - b'[19/10/2024 13:59:32] --- 220928903-0001-925000011, SUCCESS ---> Data QR'
14:05:17 - INFO - b'[19/10/2024 14:05:17] --- Open the serial port COM8 ---> SUCCESS'
14:05:27 - INFO - b'[19/10/2024 14:05:27] --- Open the serial port Microsoft XPS Document Writer ---> INFO'
14:05:28 - INFO - b"[19/10/2024 14:05:28] ---  Error print GLUE BOX: local variable 'next_jumb' referenced before assignment, FAIL ---> Data QR"
14:06:21 - INFO - b'[19/10/2024 14:06:21] --- Open the serial port COM8 ---> SUCCESS'
14:06:24 - INFO - b'[19/10/2024 14:06:24] --- Open the serial port Microsoft XPS Document Writer ---> INFO'
14:06:39 - ERROR - b" Error write_log_API: 'MyApplication' object has no attribute 'DeviceID' "
14:06:40 - INFO - b'[19/10/2024 14:06:40] --- 220928903-0001-925000001, SUCCESS ---> Data QR'
14:07:00 - ERROR - b" Error write_log_API: 'MyApplication' object has no attribute 'DeviceID' "
14:07:00 - INFO - b'[19/10/2024 14:07:00] --- 220928903-0001-925000001, SUCCESS ---> Data QR'
14:07:03 - ERROR - b" Error write_log_API: 'MyApplication' object has no attribute 'DeviceID' "
14:07:03 - INFO - b'[19/10/2024 14:07:03] --- 220928903-0001-925000001, SUCCESS ---> Data QR'
14:07:05 - ERROR - b" Error write_log_API: 'MyApplication' object has no attribute 'DeviceID' "
14:07:05 - INFO - b'[19/10/2024 14:07:05] --- 220928903-0001-925000001, SUCCESS ---> Data QR'
14:08:07 - INFO - b'[19/10/2024 14:08:07] --- Open the serial port COM8 ---> SUCCESS'
14:08:14 - INFO - b'[19/10/2024 14:08:14] --- Open the serial port Microsoft XPS Document Writer ---> INFO'
14:08:35 - ERROR - b" Error write_log_API: 'MyApplication' object has no attribute 'DeviceID' "
14:08:35 - INFO - b'[19/10/2024 14:08:35] --- 220928903-0001-925000001, SUCCESS ---> Data QR'
14:09:57 - INFO - b'[19/10/2024 14:09:57] --- Open the serial port COM8 ---> SUCCESS'
14:10:09 - INFO - b'[19/10/2024 14:10:09] --- Open the serial port Microsoft XPS Document Writer ---> INFO'
14:10:12 - INFO - b"[19/10/2024 14:10:12] ---  Error print GLUE BOX: 'MyApplication' object has no attribute 'DeviceID', FAIL ---> Data QR"
14:11:46 - INFO - b'[19/10/2024 14:11:46] --- Open the serial port COM8 ---> SUCCESS'
14:11:47 - INFO - b'Close Program'
14:11:51 - INFO - b'[19/10/2024 14:11:51] --- Open the serial port COM8 ---> SUCCESS'
14:12:04 - INFO - b'[19/10/2024 14:12:04] --- Open the serial port Microsoft XPS Document Writer ---> INFO'
14:12:07 - INFO - b'Save Log API OK!'
14:12:07 - INFO - b'[19/10/2024 14:12:07] --- 220928903-0001-925000001, SUCCESS ---> Data QR'
14:12:23 - INFO - b'Save Log API OK!'
14:12:24 - INFO - b'[19/10/2024 14:12:24] --- 220928903-0001-925000001, SUCCESS ---> Data QR'
14:17:27 - INFO - b'[19/10/2024 14:17:26] --- Open the serial port COM8 ---> SUCCESS'
14:17:57 - INFO - b'[19/10/2024 14:17:57] --- Open the serial port Microsoft XPS Document Writer ---> INFO'
14:17:59 - INFO - b'Save Log API OK!'
14:17:59 - INFO - b'[19/10/2024 14:17:59] --- 220928903-0001-925000001, SUCCESS ---> Data QR'
14:18:00 - INFO - b'Save Log API OK!'
14:18:01 - INFO - b'[19/10/2024 14:18:01] --- 220928903-0001-925000001, SUCCESS ---> Data QR'
14:18:05 - INFO - b'Save Log API OK!'
14:18:05 - INFO - b'[19/10/2024 14:18:05] --- 220928903-0001-925000001, SUCCESS ---> Data QR'
14:18:09 - INFO - b'Save Log API OK!'
14:18:09 - INFO - b'[19/10/2024 14:18:09] --- 220928903-0001-925000001, SUCCESS ---> Data QR'
14:21:04 - INFO - b'Close Program'
14:21:06 - INFO - b'[19/10/2024 14:21:06] --- Open the serial port COM8 ---> SUCCESS'
14:21:23 - INFO - b'[19/10/2024 14:21:23] --- Open the serial port Microsoft XPS Document Writer ---> INFO'
14:21:25 - INFO - b'Save Log API OK!'
14:21:25 - INFO - b'[19/10/2024 14:21:25] --- 220928903-0001-925000001, SUCCESS ---> Data QR'
14:21:46 - INFO - b'Save Log API OK!'
14:21:47 - INFO - b'[19/10/2024 14:21:47] --- 220928903-0001-925000001, SUCCESS ---> Data QR'
14:21:48 - INFO - b'Save Log API OK!'
14:21:49 - INFO - b'[19/10/2024 14:21:49] --- 220928903-0001-925000001, SUCCESS ---> Data QR'
14:21:50 - INFO - b'Save Log API OK!'
14:21:51 - INFO - b'[19/10/2024 14:21:51] --- 220928903-0001-925000001, SUCCESS ---> Data QR'
14:22:06 - INFO - b'Close Program'
14:22:45 - INFO - b'[19/10/2024 14:22:45] --- Open the serial port COM8 ---> SUCCESS'
14:23:03 - INFO - b'[19/10/2024 14:23:03] --- Open the serial port Microsoft XPS Document Writer ---> INFO'
14:23:06 - INFO - b'Save Log API OK!'
14:23:06 - INFO - b'[19/10/2024 14:23:06] --- 220928903-0001-925000001, SUCCESS ---> Data QR'
14:23:08 - INFO - b'Save Log API OK!'
14:23:08 - INFO - b'[19/10/2024 14:23:08] --- 220928903-0001-925000001, SUCCESS ---> Data QR'
14:23:10 - INFO - b'Save Log API OK!'
14:23:10 - INFO - b'[19/10/2024 14:23:10] --- 220928903-0001-925000001, SUCCESS ---> Data QR'
14:24:19 - INFO - b'[19/10/2024 14:24:19] --- Open the serial port COM8 ---> SUCCESS'
14:24:29 - INFO - b'[19/10/2024 14:24:29] --- Open the serial port Microsoft XPS Document Writer ---> INFO'
14:24:40 - INFO - b'Save Log API OK!'
14:24:40 - INFO - b'[19/10/2024 14:24:40] --- 220928903-0001-925000001, SUCCESS ---> Data QR'
14:30:38 - INFO - b'[19/10/2024 14:30:38] --- Open the serial port COM8 ---> SUCCESS'
14:30:55 - INFO - b'[19/10/2024 14:30:55] --- Open the serial port Microsoft XPS Document Writer ---> INFO'
14:30:56 - INFO - b'Save Log API OK!'
14:30:57 - INFO - b'[19/10/2024 14:30:57] --- 220928903-0001-925000001, SUCCESS ---> Data QR'
14:31:11 - INFO - b'Save Log API OK!'
14:31:11 - INFO - b'[19/10/2024 14:31:11] --- 220928903-0001-925000001, SUCCESS ---> Data QR'
14:35:22 - INFO - b'[19/10/2024 14:35:22] --- Open the serial port COM8 ---> SUCCESS'
14:35:24 - INFO - b'[19/10/2024 14:35:24] --- Open the serial port Microsoft XPS Document Writer ---> INFO'
14:35:50 - INFO - b'Save Log API OK!'
14:35:51 - INFO - b'[19/10/2024 14:35:51] --- 220928903-0001-925000002, SUCCESS ---> Data QR'
14:35:52 - INFO - b'Save Log API OK!'
14:35:52 - INFO - b'[19/10/2024 14:35:52] --- 220928903-0001-925000003, SUCCESS ---> Data QR'
14:35:53 - INFO - b'Save Log API OK!'
14:35:54 - INFO - b'[19/10/2024 14:35:54] --- 220928903-0001-925000004, SUCCESS ---> Data QR'
14:35:54 - INFO - b'Save Log API OK!'
14:35:55 - INFO - b'[19/10/2024 14:35:55] --- 220928903-0001-925000005, SUCCESS ---> Data QR'
14:35:56 - INFO - b'Save Log API OK!'
14:35:56 - INFO - b'[19/10/2024 14:35:56] --- 220928903-0001-925000006, SUCCESS ---> Data QR'
14:36:01 - INFO - b'Save Log API OK!'
14:36:01 - INFO - b'[19/10/2024 14:36:01] --- 220928903-0001-925000007, SUCCESS ---> Data QR'
14:36:01 - INFO - b'Save Log API OK!'
14:36:02 - INFO - b'[19/10/2024 14:36:02] --- 220928903-0001-925000008, SUCCESS ---> Data QR'
14:36:02 - INFO - b'Save Log API OK!'
14:36:02 - INFO - b'[19/10/2024 14:36:02] --- 220928903-0001-925000009, SUCCESS ---> Data QR'
14:36:02 - INFO - b'Save Log API OK!'
14:36:03 - INFO - b'[19/10/2024 14:36:03] --- 220928903-0001-925000010, SUCCESS ---> Data QR'
14:36:03 - INFO - b'Save Log API OK!'
14:36:03 - INFO - b'[19/10/2024 14:36:03] --- 220928903-0001-925000011, SUCCESS ---> Data QR'
14:36:03 - INFO - b'Save Log API OK!'
14:36:03 - INFO - b'[19/10/2024 14:36:03] --- 220928903-0001-925000012, SUCCESS ---> Data QR'
14:36:04 - INFO - b'Save Log API OK!'
14:36:04 - INFO - b'[19/10/2024 14:36:04] --- 220928903-0001-925000013, SUCCESS ---> Data QR'
14:36:04 - INFO - b'Save Log API OK!'
14:36:04 - INFO - b'[19/10/2024 14:36:04] --- 220928903-0001-925000014, SUCCESS ---> Data QR'
14:36:05 - INFO - b'Save Log API OK!'
14:36:05 - INFO - b'[19/10/2024 14:36:05] --- 220928903-0001-925000015, SUCCESS ---> Data QR'
14:36:05 - INFO - b'Save Log API OK!'
14:36:05 - INFO - b'[19/10/2024 14:36:05] --- 220928903-0001-925000016, SUCCESS ---> Data QR'
14:36:43 - INFO - b'Close Program'
14:38:19 - INFO - b'[19/10/2024 14:38:19] --- Open the serial port COM8 ---> SUCCESS'
14:38:25 - INFO - b'[19/10/2024 14:38:25] --- Open the serial port Microsoft XPS Document Writer ---> INFO'
14:38:48 - INFO - b'Save Log API OK!'
14:38:48 - INFO - b'[19/10/2024 14:38:48] --- 220928903-0001-925000017, SUCCESS ---> Data QR'
14:38:49 - INFO - b'Save Log API OK!'
14:38:50 - INFO - b'[19/10/2024 14:38:50] --- 220928903-0001-925000018, SUCCESS ---> Data QR'
14:38:59 - INFO - b'Save Log API OK!'
14:38:59 - INFO - b'[19/10/2024 14:38:59] --- 220927903-0001-925000019, SUCCESS ---> Data QR'
14:39:07 - INFO - b'Save Log API OK!'
14:39:07 - INFO - b'[19/10/2024 14:39:07] --- 220927903-0001-925000020, SUCCESS ---> Data QR'
14:39:10 - INFO - b'Save Log API OK!'
14:39:10 - INFO - b'[19/10/2024 14:39:10] --- 220927903-0001-925000021, SUCCESS ---> Data QR'
14:39:28 - INFO - b'Save Log API OK!'
14:39:29 - INFO - b'[19/10/2024 14:39:29] --- 220927903-0001-925000022, SUCCESS ---> Data QR'
14:40:38 - INFO - b'[19/10/2024 14:40:38] --- Open the serial port COM8 ---> SUCCESS'
14:40:59 - INFO - b'[19/10/2024 14:40:59] --- Open the serial port Microsoft XPS Document Writer ---> INFO'
14:41:00 - INFO - b'Save Log API OK!'
14:41:00 - INFO - b'[19/10/2024 14:41:00] --- 220927903-0001-925000023, SUCCESS ---> Data QR'
14:41:20 - INFO - b'Save Log API OK!'
14:41:21 - INFO - b'[19/10/2024 14:41:21] --- 220927903-0001-925000024, SUCCESS ---> Data QR'
14:43:19 - INFO - b'[19/10/2024 14:43:19] --- Open the serial port COM8 ---> SUCCESS'
14:43:28 - INFO - b'[19/10/2024 14:43:28] --- Open the serial port Microsoft XPS Document Writer ---> INFO'
14:43:31 - INFO - b'Save Log API OK!'
14:43:31 - INFO - b'[19/10/2024 14:43:31] --- 220928903-0001-925000025, SUCCESS ---> Data QR'
14:44:19 - INFO - b'[19/10/2024 14:44:19] --- Open the serial port COM8 ---> SUCCESS'
14:44:31 - INFO - b'[19/10/2024 14:44:31] --- Open the serial port Microsoft XPS Document Writer ---> INFO'
14:44:35 - INFO - b'Save Log API OK!'
14:44:35 - INFO - b'[19/10/2024 14:44:35] --- 220928903-0001-925000019, SUCCESS ---> Data QR'
14:44:36 - INFO - b'Save Log API OK!'
14:44:37 - INFO - b'[19/10/2024 14:44:37] --- 220928903-0001-925000020, SUCCESS ---> Data QR'
14:44:38 - INFO - b'Save Log API OK!'
14:44:39 - INFO - b'[19/10/2024 14:44:39] --- 220928903-0001-925000021, SUCCESS ---> Data QR'
14:44:42 - INFO - b'Save Log API OK!'
14:44:43 - INFO - b'[19/10/2024 14:44:43] --- 220920903-0001-925000001, SUCCESS ---> Data QR'
14:44:43 - INFO - b'Save Log API OK!'
14:44:44 - INFO - b'[19/10/2024 14:44:44] --- 220920903-0001-925000002, SUCCESS ---> Data QR'
14:44:44 - INFO - b'Save Log API OK!'
14:44:45 - INFO - b'[19/10/2024 14:44:45] --- 220920903-0001-925000003, SUCCESS ---> Data QR'
14:44:51 - INFO - b'Save Log API OK!'
14:44:52 - INFO - b'[19/10/2024 14:44:52] --- 220912903-0001-925000001, SUCCESS ---> Data QR'
14:44:53 - INFO - b'Save Log API OK!'
14:44:53 - INFO - b'[19/10/2024 14:44:53] --- 220912903-0001-925000002, SUCCESS ---> Data QR'
14:44:59 - INFO - b'Save Log API OK!'
14:44:59 - INFO - b'[19/10/2024 14:44:59] --- 220928903-0001-925000022, SUCCESS ---> Data QR'
14:46:16 - INFO - b'[19/10/2024 14:46:16] --- Open the serial port COM8 ---> SUCCESS'
14:46:18 - INFO - b'[19/10/2024 14:46:18] --- Open the serial port Microsoft XPS Document Writer ---> INFO'
14:46:33 - INFO - b'Save Log API OK!'
14:46:34 - INFO - b'[19/10/2024 14:46:34] --- 220928903-0001-925000023, SUCCESS ---> Data QR'
14:46:37 - INFO - b'Save Log API OK!'
14:46:37 - INFO - b'[19/10/2024 14:46:37] --- 220928903-0001-925000024, SUCCESS ---> Data QR'
14:46:40 - INFO - b'Save Log API OK!'
14:46:41 - INFO - b'[19/10/2024 14:46:41] --- 220928903-0001-925000026, SUCCESS ---> Data QR'
14:46:46 - INFO - b'Save Log API OK!'
14:46:46 - INFO - b'[19/10/2024 14:46:46] --- 220920903-0001-925000004, SUCCESS ---> Data QR'
14:46:47 - INFO - b'Save Log API OK!'
14:46:47 - INFO - b'[19/10/2024 14:46:47] --- 220920903-0001-925000005, SUCCESS ---> Data QR'
14:46:54 - INFO - b'Save Log API OK!'
14:46:54 - INFO - b'[19/10/2024 14:46:54] --- 220920903-0001-925000006, SUCCESS ---> Data QR'
14:46:57 - INFO - b'Save Log API OK!'
14:46:58 - INFO - b'[19/10/2024 14:46:58] --- 220920903-0001-925000007, SUCCESS ---> Data QR'
14:47:00 - INFO - b'Close Program'
14:49:40 - INFO - b'[19/10/2024 14:49:40] --- Open the serial port COM8 ---> SUCCESS'
14:49:59 - INFO - b'Close Program'
14:50:02 - INFO - b'[19/10/2024 14:50:02] --- Open the serial port COM8 ---> SUCCESS'
14:50:14 - INFO - b'Close Program'
14:50:41 - INFO - b'[19/10/2024 14:50:41] --- Open the serial port COM8 ---> SUCCESS'
14:50:46 - INFO - b'Close Program'
14:50:49 - INFO - b'[19/10/2024 14:50:49] --- Open the serial port COM8 ---> SUCCESS'
14:50:50 - INFO - b'Close Program'
14:50:58 - INFO - b'[19/10/2024 14:50:58] --- Open the serial port COM8 ---> SUCCESS'
14:51:00 - INFO - b'Close Program'
14:52:10 - INFO - b'[19/10/2024 14:52:10] --- Open the serial port COM8 ---> SUCCESS'
14:52:16 - INFO - b'Close Program'
14:52:23 - INFO - b'[19/10/2024 14:52:23] --- Open the serial port COM8 ---> SUCCESS'
14:52:34 - INFO - b'Close Program'
14:52:45 - INFO - b'[19/10/2024 14:52:45] --- Open the serial port COM8 ---> SUCCESS'
14:52:47 - INFO - b'Close Program'
14:52:53 - INFO - b'[19/10/2024 14:52:53] --- Open the serial port COM8 ---> SUCCESS'
14:53:15 - INFO - b'[19/10/2024 14:53:15] --- Open the serial port COM8 ---> SUCCESS'
14:53:20 - INFO - b'[19/10/2024 14:53:20] --- Open the serial port Microsoft XPS Document Writer ---> INFO'
14:53:33 - INFO - b'Close Program'
15:43:57 - INFO - b'[19/10/2024 15:43:57] --- Open the serial port COM8 ---> SUCCESS'
15:43:58 - INFO - b'Close Program'
15:44:13 - INFO - b'[19/10/2024 15:44:13] --- Open the serial port COM8 ---> SUCCESS'
15:44:18 - INFO - b'Close Program'
15:44:21 - INFO - b'[19/10/2024 15:44:21] --- Open the serial port COM8 ---> SUCCESS'
15:44:30 - INFO - b'Close Program'
15:44:36 - INFO - b'[19/10/2024 15:44:36] --- Open the serial port COM8 ---> SUCCESS'
15:44:38 - INFO - b'Close Program'
15:44:42 - INFO - b'[19/10/2024 15:44:42] --- Open the serial port COM8 ---> SUCCESS'
15:44:44 - INFO - b'Close Program'
15:44:52 - INFO - b'[19/10/2024 15:44:52] --- Open the serial port COM8 ---> SUCCESS'
15:44:55 - INFO - b'Close Program'
15:45:13 - INFO - b'[19/10/2024 15:45:13] --- Open the serial port COM8 ---> SUCCESS'
15:45:24 - INFO - b'Close Program'
15:45:28 - INFO - b'[19/10/2024 15:45:28] --- Open the serial port COM8 ---> SUCCESS'
15:45:28 - INFO - b'Close Program'
15:46:05 - INFO - b'[19/10/2024 15:46:05] --- Open the serial port COM8 ---> SUCCESS'
15:46:11 - INFO - b'Close Program'
15:46:14 - INFO - b'[19/10/2024 15:46:14] --- Open the serial port COM8 ---> SUCCESS'
15:46:30 - INFO - b'[19/10/2024 15:46:30] --- Open the serial port Microsoft XPS Document Writer ---> INFO'
15:47:26 - INFO - b'[19/10/2024 15:47:26] --- Open the serial port COM8 ---> SUCCESS'
15:47:34 - INFO - b'[19/10/2024 15:47:34] --- Open the serial port Microsoft XPS Document Writer ---> INFO'
15:48:14 - INFO - b'Close Program'
15:49:28 - INFO - b'[19/10/2024 15:49:28] --- Open the serial port COM8 ---> SUCCESS'
15:49:36 - INFO - b'[19/10/2024 15:49:36] --- Open the serial port PDFill PDF&Image Writer ---> INFO'
15:49:38 - INFO - b'[19/10/2024 15:49:38] --- Open the serial port Microsoft XPS Document Writer ---> INFO'
15:49:39 - INFO - b'[19/10/2024 15:49:39] ---  Error print GLUE BOX: not enough values to unpack (expected 3, got 2), FAIL ---> Data QR'
15:50:07 - INFO - b'[19/10/2024 15:50:07] --- Open the serial port COM8 ---> SUCCESS'
15:51:57 - INFO - b'[19/10/2024 15:51:57] --- Open the serial port COM8 ---> SUCCESS'
15:52:01 - INFO - b'[19/10/2024 15:52:01] --- Open the serial port Microsoft XPS Document Writer ---> INFO'
15:52:16 - INFO - b'[19/10/2024 15:52:16] ---  Error print GLUE BOX: not enough values to unpack (expected 3, got 2), FAIL ---> Data QR'
15:54:06 - INFO - b'[19/10/2024 15:54:05] --- Open the serial port COM8 ---> SUCCESS'
15:54:14 - INFO - b'[19/10/2024 15:54:14] --- Open the serial port Microsoft XPS Document Writer ---> INFO'
15:54:17 - INFO - b'Save Log API OK!'
15:54:17 - INFO - b'[19/10/2024 15:54:17] --- 000001, SUCCESS ---> Data QR'
15:54:22 - INFO - b'Save Log API OK!'
15:54:23 - INFO - b'[19/10/2024 15:54:23] --- 000002, SUCCESS ---> Data QR'
15:54:24 - INFO - b'Save Log API OK!'
15:54:24 - INFO - b'[19/10/2024 15:54:24] --- 000003, SUCCESS ---> Data QR'
15:54:34 - INFO - b'Save Log API OK!'
15:54:35 - INFO - b'[19/10/2024 15:54:35] --- 000004, SUCCESS ---> Data QR'
15:54:38 - INFO - b'Save Log API OK!'
15:54:39 - INFO - b'[19/10/2024 15:54:39] --- 000005, SUCCESS ---> Data QR'
15:56:19 - INFO - b'[19/10/2024 15:56:19] --- Open the serial port COM8 ---> SUCCESS'
15:56:57 - INFO - b'[19/10/2024 15:56:57] --- Open the serial port Microsoft XPS Document Writer ---> INFO'
15:57:00 - INFO - b'Save Log API OK!'
15:57:00 - INFO - b'[19/10/2024 15:57:00] --- 000006, SUCCESS ---> Data QR'
15:57:02 - INFO - b'Save Log API OK!'
15:57:03 - INFO - b'[19/10/2024 15:57:03] --- 000007, SUCCESS ---> Data QR'
15:57:04 - INFO - b'Save Log API OK!'
15:57:05 - INFO - b'[19/10/2024 15:57:05] --- 000008, SUCCESS ---> Data QR'
15:57:06 - INFO - b'Save Log API OK!'
15:57:07 - INFO - b'[19/10/2024 15:57:07] --- 000009, SUCCESS ---> Data QR'
15:57:28 - INFO - b'Save Log API OK!'
15:57:28 - INFO - b'[19/10/2024 15:57:28] --- 000010, SUCCESS ---> Data QR'
15:57:58 - INFO - b'[19/10/2024 15:57:58] --- Open the serial port COM8 ---> SUCCESS'
15:58:08 - INFO - b'[19/10/2024 15:58:08] --- Open the serial port Microsoft XPS Document Writer ---> INFO'
15:58:10 - INFO - b'Save Log API OK!'
15:58:45 - INFO - b'[19/10/2024 15:58:45] --- Open the serial port COM8 ---> SUCCESS'
15:58:52 - INFO - b'[19/10/2024 15:58:52] --- Open the serial port COM8 ---> SUCCESS'
15:59:00 - INFO - b'[19/10/2024 15:59:00] --- Open the serial port Microsoft XPS Document Writer ---> INFO'
15:59:02 - INFO - b'Save Log API OK!'
15:59:02 - INFO - b'[19/10/2024 15:59:02] --- 000012, SUCCESS ---> Data Print'
15:59:06 - INFO - b'Save Log API OK!'
15:59:07 - INFO - b'[19/10/2024 15:59:07] --- 000013, SUCCESS ---> Data Print'
15:59:09 - INFO - b'Save Log API OK!'
15:59:09 - INFO - b'[19/10/2024 15:59:09] --- 000014, SUCCESS ---> Data Print'
15:59:50 - INFO - b'[19/10/2024 15:59:50] --- Open the serial port COM8 ---> SUCCESS'
15:59:58 - INFO - b'[19/10/2024 15:59:58] --- Open the serial port Microsoft XPS Document Writer ---> INFO'
15:59:59 - INFO - b'Save Log API OK!'
16:00:00 - INFO - b'[19/10/2024 16:00:00] --- 000015, SUCCESS ---> Data Print'
16:01:50 - INFO - b'[19/10/2024 16:01:50] --- Open the serial port COM8 ---> SUCCESS'
16:02:01 - INFO - b'[19/10/2024 16:02:01] --- Open the serial port Microsoft XPS Document Writer ---> INFO'
16:02:02 - INFO - b'Save Log API OK!'
16:02:03 - INFO - b'[19/10/2024 16:02:03] --- 000016, SUCCESS ---> Data Print'
16:03:49 - INFO - b'[19/10/2024 16:03:49] --- Open the serial port COM8 ---> SUCCESS'
16:03:59 - INFO - b'[19/10/2024 16:03:59] --- Open the serial port Microsoft XPS Document Writer ---> INFO'
16:04:02 - INFO - b'Save Log API OK!'
16:04:02 - INFO - b'[19/10/2024 16:04:02] --- 000017, SUCCESS ---> Data Print'
16:04:04 - INFO - b'Save Log API OK!'
16:04:05 - INFO - b'[19/10/2024 16:04:05] --- 000018, SUCCESS ---> Data Print'
16:04:09 - INFO - b'Close Program'
16:04:34 - INFO - b'[19/10/2024 16:04:34] --- Open the serial port COM8 ---> SUCCESS'
16:04:44 - INFO - b'[19/10/2024 16:04:44] --- Open the serial port Microsoft XPS Document Writer ---> INFO'
16:04:45 - INFO - b'Save Log API OK!'
16:04:45 - INFO - b'[19/10/2024 16:04:45] --- 000019, SUCCESS ---> Data Print'
16:05:54 - INFO - b'[19/10/2024 16:05:54] --- Open the serial port COM8 ---> SUCCESS'
16:06:02 - INFO - b'[19/10/2024 16:06:02] --- Open the serial port Microsoft XPS Document Writer ---> INFO'
16:06:05 - INFO - b'Save Log API OK!'
16:06:05 - INFO - b'[19/10/2024 16:06:05] --- 000020, SUCCESS ---> Data Print'
16:06:07 - INFO - b'Close Program'
16:06:33 - INFO - b'[19/10/2024 16:06:33] --- Open the serial port COM8 ---> SUCCESS'
16:06:43 - INFO - b'[19/10/2024 16:06:43] --- Open the serial port Microsoft XPS Document Writer ---> INFO'
16:06:46 - INFO - b'Save Log API OK!'
16:06:47 - INFO - b'[19/10/2024 16:06:47] --- 000021, SUCCESS ---> Data Print'
16:06:51 - INFO - b'Close Program'
16:07:30 - INFO - b'[19/10/2024 16:07:30] --- Open the serial port COM8 ---> SUCCESS'
16:07:39 - INFO - b'[19/10/2024 16:07:39] --- Open the serial port Microsoft XPS Document Writer ---> INFO'
16:07:42 - INFO - b'Save Log API OK!'
16:07:42 - INFO - b'[19/10/2024 16:07:42] --- 000022, SUCCESS ---> Data Print'
16:08:04 - INFO - b'[19/10/2024 16:08:04] --- Open the serial port COM8 ---> SUCCESS'
16:08:12 - INFO - b'[19/10/2024 16:08:12] --- Open the serial port Microsoft XPS Document Writer ---> INFO'
16:08:13 - INFO - b'Save Log API OK!'
16:08:14 - INFO - b'[19/10/2024 16:08:14] --- 220928903-0001-925000027, SUCCESS ---> Data Print'
16:09:52 - INFO - b'[19/10/2024 16:09:52] --- Open the serial port COM8 ---> SUCCESS'
16:10:00 - INFO - b'[19/10/2024 16:10:00] --- Open the serial port Microsoft XPS Document Writer ---> INFO'
16:10:34 - INFO - b'Save Log API OK!'
16:10:34 - INFO - b'[19/10/2024 16:10:34] --- 2, 2, 0, 9, 2, 8, 9, 0, 3, -, 0, 0, 0, 1, -, 9, 2, 5, 0, 0, 0, 0, 2, 8 ---> Data Print'
16:10:36 - INFO - b'Save Log API OK!'
16:10:36 - INFO - b'[19/10/2024 16:10:36] --- 2, 2, 0, 9, 2, 8, 9, 0, 3, -, 0, 0, 0, 1, -, 9, 2, 5, 0, 0, 0, 0, 2, 9 ---> Data Print'
16:10:38 - INFO - b'Save Log API OK!'
16:10:38 - INFO - b'[19/10/2024 16:10:38] --- 2, 2, 0, 9, 2, 8, 9, 0, 3, -, 0, 0, 0, 1, -, 9, 2, 5, 0, 0, 0, 0, 3, 0 ---> Data Print'
16:11:03 - INFO - b'[19/10/2024 16:11:03] --- Open the serial port COM8 ---> SUCCESS'
16:11:12 - INFO - b'[19/10/2024 16:11:12] --- Open the serial port Microsoft XPS Document Writer ---> INFO'
16:11:13 - INFO - b'Save Log API OK!'
16:11:14 - INFO - b'[19/10/2024 16:11:14] --- 220928903-0001-925000031 ---> Data Print'
16:11:16 - INFO - b'Save Log API OK!'
16:11:16 - INFO - b'[19/10/2024 16:11:16] --- 220928903-0001-925000032 ---> Data Print'
16:11:17 - INFO - b'Save Log API OK!'
16:11:17 - INFO - b'[19/10/2024 16:11:17] --- 220928903-0001-925000033 ---> Data Print'
16:15:13 - INFO - b'[19/10/2024 16:15:13] --- Open the serial port COM8 ---> SUCCESS'
16:15:19 - INFO - b'[19/10/2024 16:15:19] --- Open the serial port Microsoft XPS Document Writer ---> INFO'
16:15:28 - INFO - b'Save Log API OK!'
16:15:39 - INFO - b'[19/10/2024 16:15:39] --- Open the serial port COM8 ---> SUCCESS'
16:15:48 - INFO - b'[19/10/2024 16:15:48] --- Open the serial port Microsoft XPS Document Writer ---> INFO'
16:15:49 - INFO - b'Save Log API OK!'
16:16:17 - INFO - b'[19/10/2024 16:16:17] --- Open the serial port COM8 ---> SUCCESS'
16:16:24 - INFO - b'[19/10/2024 16:16:24] --- Open the serial port Microsoft XPS Document Writer ---> INFO'
16:16:26 - INFO - b'Save Log API OK!'
16:16:26 - INFO - b'[19/10/2024 16:16:26] --- 220928903-0001-925000036 ---> Data Print'
16:16:32 - INFO - b'Save Log API OK!'
16:16:32 - INFO - b'[19/10/2024 16:16:32] --- 220928903-0001-925000037 ---> Data Print'
16:16:57 - INFO - b'[19/10/2024 16:16:57] --- Open the serial port COM8 ---> SUCCESS'
16:17:03 - INFO - b'[19/10/2024 16:17:03] --- Open the serial port PDFill PDF&Image Writer ---> INFO'
16:17:05 - INFO - b'[19/10/2024 16:17:05] --- Open the serial port Microsoft XPS Document Writer ---> INFO'
16:17:08 - INFO - b'Save Log API OK!'
16:17:08 - INFO - b'[19/10/2024 16:17:08] --- 220928903-0001-925000038 ---> Data Print'
16:18:04 - INFO - b'[19/10/2024 16:18:04] --- Open the serial port COM8 ---> SUCCESS'
16:18:12 - INFO - b'[19/10/2024 16:18:12] --- Open the serial port Microsoft XPS Document Writer ---> INFO'
16:18:16 - INFO - b'Save Log API OK!'
16:18:16 - INFO - b'[19/10/2024 16:18:16] --- 220928903-0001-925000039 ---> Data Print'
16:18:18 - INFO - b'Save Log API OK!'
16:18:19 - INFO - b'[19/10/2024 16:18:19] --- 220928903-0001-925000040 ---> Data Print'
16:18:20 - INFO - b'Save Log API OK!'
16:18:20 - INFO - b'[19/10/2024 16:18:20] --- 220928903-0001-925000041 ---> Data Print'
16:18:21 - INFO - b'Save Log API OK!'
16:18:22 - INFO - b'[19/10/2024 16:18:22] --- 220928903-0001-925000042 ---> Data Print'
16:18:22 - INFO - b'Save Log API OK!'
16:18:23 - INFO - b'[19/10/2024 16:18:23] --- 220928903-0001-925000043 ---> Data Print'
16:18:24 - INFO - b'Save Log API OK!'
16:18:24 - INFO - b'[19/10/2024 16:18:24] --- 220928903-0001-925000044 ---> Data Print'
16:18:27 - INFO - b'Save Log API OK!'
16:18:28 - INFO - b'[19/10/2024 16:18:28] --- 220921903-0001-925000001 ---> Data Print'
16:18:29 - INFO - b'Save Log API OK!'
16:18:29 - INFO - b'[19/10/2024 16:18:29] --- 220921903-0001-925000002 ---> Data Print'
16:18:30 - INFO - b'Save Log API OK!'
16:18:31 - INFO - b'[19/10/2024 16:18:31] --- 220921903-0001-925000003 ---> Data Print'
16:18:36 - INFO - b'Save Log API OK!'
16:18:36 - INFO - b'[19/10/2024 16:18:36] --- 220921903-0001-925000004 ---> Data Print'
16:19:34 - INFO - b'[19/10/2024 16:19:34] --- Open the serial port COM8 ---> SUCCESS'
16:19:36 - INFO - b'[19/10/2024 16:19:36] --- Open the serial port Microsoft XPS Document Writer ---> INFO'
16:19:54 - INFO - b'Save Log API OK!'
16:19:54 - INFO - b'[19/10/2024 16:19:54] --- 220928903-0001-925000045 ---> Data Print'
16:19:56 - INFO - b'Save Log API OK!'
16:19:56 - INFO - b'[19/10/2024 16:19:56] --- 220928903-0001-925000046 ---> Data Print'
16:20:03 - INFO - b'Save Log API OK!'
16:20:04 - INFO - b'[19/10/2024 16:20:04] --- 220928903-0001-921000001 ---> Data Print'
16:20:05 - INFO - b'Save Log API OK!'
16:20:05 - INFO - b'[19/10/2024 16:20:05] --- 220928903-0001-921000002 ---> Data Print'
16:31:35 - INFO - b'Close Program'
16:31:36 - INFO - b'Close Program'
16:31:39 - INFO - b'[19/10/2024 16:31:39] --- Open the serial port COM8 ---> SUCCESS'
16:31:42 - INFO - b'Close Program'
16:32:03 - INFO - b'[19/10/2024 16:32:03] --- Open the serial port COM8 ---> SUCCESS'
16:32:05 - INFO - b'[19/10/2024 16:32:05] --- Open the serial port Microsoft XPS Document Writer ---> INFO'
16:32:15 - INFO - b'Save Log API OK!'
16:32:16 - INFO - b'[19/10/2024 16:32:16] --- 220928903-0001-925000047 ---> Data Print'
16:32:17 - INFO - b'Save Log API OK!'
16:32:18 - INFO - b'[19/10/2024 16:32:18] --- 220928903-0001-925000048 ---> Data Print'
16:34:43 - INFO - b'Close Program'
16:40:39 - INFO - b'[19/10/2024 16:40:39] --- Open the serial port COM8 ---> SUCCESS'
16:53:34 - INFO - b'[19/10/2024 16:53:34] --- Open the serial port COM8 ---> SUCCESS'
16:54:57 - INFO - b'Close Program'
16:55:14 - INFO - b'[19/10/2024 16:55:14] --- Open the serial port COM8 ---> SUCCESS'
16:55:21 - INFO - b'Close Program'
17:21:22 - INFO - b'[19/10/2024 17:21:22] --- Open the serial port COM8 ---> SUCCESS'
17:21:51 - INFO - b'[19/10/2024 17:21:51] --- Open the serial port COM8 ---> SUCCESS'
17:22:16 - INFO - b'[19/10/2024 17:22:16] --- Open the serial port COM8 ---> SUCCESS'
17:22:27 - INFO - b'Close Program'
17:22:51 - INFO - b'[19/10/2024 17:22:51] --- Open the serial port COM8 ---> SUCCESS'
17:22:57 - INFO - b'Close Program'
17:23:04 - INFO - b'[19/10/2024 17:23:04] --- Open the serial port COM8 ---> SUCCESS'
17:23:06 - INFO - b'Close Program'
17:23:33 - INFO - b'[19/10/2024 17:23:33] --- Open the serial port COM8 ---> SUCCESS'
17:23:51 - INFO - b'Close Program'
17:27:34 - INFO - b'[19/10/2024 17:27:34] --- Open the serial port COM8 ---> SUCCESS'
17:28:23 - INFO - b'[19/10/2024 17:28:23] --- Open the serial port Microsoft XPS Document Writer ---> INFO'
17:29:49 - INFO - b'[19/10/2024 17:29:49] --- Open the serial port COM8 ---> SUCCESS'
17:30:02 - INFO - b'[19/10/2024 17:30:02] --- Open the serial port Microsoft XPS Document Writer ---> INFO'
17:31:26 - INFO - b'[19/10/2024 17:31:26] --- Open the serial port COM8 ---> SUCCESS'
17:31:31 - INFO - b'[19/10/2024 17:31:31] --- Open the serial port Microsoft XPS Document Writer ---> INFO'
17:32:13 - INFO - b'[19/10/2024 17:32:13] --- Open the serial port COM8 ---> SUCCESS'
17:32:16 - INFO - b'[19/10/2024 17:32:16] --- Open the serial port Microsoft XPS Document Writer ---> INFO'
17:33:28 - INFO - b'[19/10/2024 17:33:28] --- Open the serial port COM8 ---> SUCCESS'
17:33:32 - INFO - b'[19/10/2024 17:33:32] --- Open the serial port PDFill PDF&Image Writer ---> INFO'
17:33:34 - INFO - b'[19/10/2024 17:33:34] --- Open the serial port Microsoft XPS Document Writer ---> INFO'
17:34:15 - INFO - b'[19/10/2024 17:34:15] --- Open the serial port COM8 ---> SUCCESS'
17:34:22 - INFO - b'[19/10/2024 17:34:22] --- Open the serial port Microsoft XPS Document Writer ---> INFO'
17:34:30 - INFO - b'[19/10/2024 17:34:30] ---  Error print GLUE BOX: not enough values to unpack (expected 2, got 1) ---> Data Print'
17:35:21 - INFO - b'[19/10/2024 17:35:21] ---  Error print GLUE BOX: not enough values to unpack (expected 2, got 1) ---> Data Print'
17:35:23 - INFO - b'[19/10/2024 17:35:23] ---  Error print GLUE BOX: not enough values to unpack (expected 2, got 1) ---> Data Print'
17:36:29 - INFO - b'Close Program'
17:36:30 - INFO - b'[19/10/2024 17:36:30] --- Open the serial port COM8 ---> SUCCESS'
17:36:34 - INFO - b'[19/10/2024 17:36:34] --- Open the serial port Microsoft XPS Document Writer ---> INFO'
17:36:46 - INFO - b'[19/10/2024 17:36:46] ---  Error print GLUE BOX: not enough values to unpack (expected 2, got 1) ---> Data Print'
17:39:32 - INFO - b'[19/10/2024 17:39:32] --- Open the serial port COM8 ---> SUCCESS'
17:39:40 - INFO - b'[19/10/2024 17:39:40] --- Open the serial port Microsoft XPS Document Writer ---> INFO'
17:39:41 - INFO - b'[19/10/2024 17:39:41] --- Failed to connect with server! ---> ERROR'
17:39:41 - ERROR - b"Not found next stepcode for ['241018009-0003-7887-V00002']"
17:39:41 - INFO - b'[19/10/2024 17:39:41] ---  Error print GLUE BOX: not enough values to unpack (expected 3, got 2) ---> Data Print'
17:40:06 - INFO - b'Close Program'
17:40:56 - INFO - b'[19/10/2024 17:40:56] --- Open the serial port COM8 ---> SUCCESS'
17:41:03 - INFO - b'[19/10/2024 17:41:03] --- Open the serial port Microsoft XPS Document Writer ---> INFO'
17:41:05 - INFO - b'[19/10/2024 17:41:05] --- Failed to connect with server! ---> ERROR'
17:41:05 - ERROR - b"Not found next stepcode for ['241018009-0003-7887-V00002']"
17:41:09 - INFO - b'[19/10/2024 17:41:09] --- Failed to connect with server! ---> ERROR'
17:41:09 - ERROR - b"Not found next stepcode for ['241018009-0003-7887-V00002']"
17:41:10 - INFO - b'[19/10/2024 17:41:10] --- Failed to connect with server! ---> ERROR'
17:41:10 - ERROR - b"Not found next stepcode for ['241018009-0003-7887-V00002']"
17:41:14 - INFO - b'[19/10/2024 17:41:14] --- Failed to connect with server! ---> ERROR'
17:41:14 - ERROR - b"Not found next stepcode for ['241018009-0003-7887-V00002']"
17:41:18 - INFO - b'Close Program'
17:43:24 - INFO - b'[19/10/2024 17:43:24] --- Open the serial port COM8 ---> SUCCESS'
17:43:35 - INFO - b'[19/10/2024 17:43:35] --- Open the serial port Microsoft XPS Document Writer ---> INFO'
17:43:37 - INFO - b'Save Log API OK!'
17:43:38 - INFO - b'[19/10/2024 17:43:38] --- 000001, SUCCESS ---> Data Print'
17:43:39 - INFO - b'Save Log API OK!'
17:43:39 - INFO - b'[19/10/2024 17:43:39] --- 000002, SUCCESS ---> Data Print'
17:43:40 - INFO - b'Save Log API OK!'
17:43:40 - INFO - b'[19/10/2024 17:43:40] --- 000003, SUCCESS ---> Data Print'
17:43:41 - INFO - b'Save Log API OK!'
17:43:42 - INFO - b'[19/10/2024 17:43:42] --- 000004, SUCCESS ---> Data Print'
17:43:42 - INFO - b'Save Log API OK!'
17:43:43 - INFO - b'[19/10/2024 17:43:43] --- 000005, SUCCESS ---> Data Print'
17:43:44 - INFO - b'Close Program'
17:44:06 - INFO - b'[19/10/2024 17:44:06] --- Open the serial port COM8 ---> SUCCESS'
17:44:15 - INFO - b'[19/10/2024 17:44:15] --- Open the serial port Microsoft XPS Document Writer ---> INFO'
17:44:16 - INFO - b'[19/10/2024 17:44:16] --- Failed to connect with server! ---> ERROR'
17:44:16 - ERROR - b"Not found next stepcode for ['241018009-0003-7887-V00002']"
17:44:18 - INFO - b'[19/10/2024 17:44:18] --- Failed to connect with server! ---> ERROR'
17:44:18 - ERROR - b"Not found next stepcode for ['241018009-0003-7887-V00002']"
17:44:21 - INFO - b'[19/10/2024 17:44:21] --- Failed to connect with server! ---> ERROR'
17:44:21 - ERROR - b"Not found next stepcode for ['241018009-0003-7887-V00002']"
17:44:58 - INFO - b'[19/10/2024 17:44:58] --- Open the serial port COM8 ---> SUCCESS'
17:45:06 - INFO - b'[19/10/2024 17:45:06] --- Open the serial port Microsoft XPS Document Writer ---> INFO'
17:45:09 - INFO - b'[19/10/2024 17:45:09] --- Failed to connect with server! ---> ERROR'
17:45:09 - ERROR - b"Not found next stepcode for ['241018009-0003-7887-V00002']"
17:45:13 - INFO - b'[19/10/2024 17:45:13] --- Failed to connect with server! ---> ERROR'
17:45:13 - ERROR - b"Not found next stepcode for ['241018009-0003-7887-V00002']"
17:45:14 - INFO - b'[19/10/2024 17:45:14] --- Failed to connect with server! ---> ERROR'
17:45:14 - ERROR - b"Not found next stepcode for ['241018009-0003-7887-V00002']"
17:45:18 - INFO - b'Close Program'
17:47:09 - INFO - b'[19/10/2024 17:47:09] --- Open the serial port COM8 ---> SUCCESS'
17:47:12 - INFO - b'[19/10/2024 17:47:12] --- Open the serial port Microsoft XPS Document Writer ---> INFO'
17:47:25 - INFO - b'[19/10/2024 17:47:25] --- Failed to connect with server! ---> ERROR'
17:47:25 - ERROR - b"Not found next stepcode for ['2412121212']"
17:47:27 - INFO - b'[19/10/2024 17:47:27] --- Failed to connect with server! ---> ERROR'
17:47:27 - ERROR - b"Not found next stepcode for ['2412121212']"
17:49:13 - INFO - b'[19/10/2024 17:49:13] --- Open the serial port COM8 ---> SUCCESS'
17:49:15 - INFO - b'[19/10/2024 17:49:15] --- Open the serial port Microsoft XPS Document Writer ---> INFO'
17:49:23 - INFO - b'[19/10/2024 17:49:23] ---  Error print GLUE BOX: can only concatenate list (not "str") to list ---> Data Print'
