10:09:46 - INFO - b'[23/08/2024 10:09:46] --- Open the serial port COM8 ---> SUCCESS'
10:09:47 - INFO - b'Close Program'
10:10:57 - INFO - b'[23/08/2024 10:10:57] --- Open the serial port COM8 ---> SUCCESS'
10:11:01 - INFO - b'[23/08/2024 10:11:01] --- Open the serial port Microsoft XPS Document Writer ---> INFO'
10:19:35 - INFO - b'[23/08/2024 10:19:35] --- Open the serial port COM8 ---> SUCCESS'
10:19:47 - INFO - b'[23/08/2024 10:19:47] --- Open the serial port COM8 ---> SUCCESS'
10:19:49 - INFO - b'Close Program'
10:28:38 - INFO - b'[23/08/2024 10:28:38] --- Open the serial port COM8 ---> SUCCESS'
10:28:49 - INFO - b'Close Program'
10:28:52 - INFO - b'[23/08/2024 10:28:52] --- Open the serial port COM8 ---> SUCCESS'
10:29:33 - INFO - b'[23/08/2024 10:29:33] --- Open the serial port Microsoft XPS Document Writer ---> INFO'
10:46:25 - INFO - b'Close Program'
10:46:30 - INFO - b'[23/08/2024 10:46:30] --- Open the serial port COM8 ---> SUCCESS'
10:48:31 - INFO - b'Close Program'
10:48:35 - INFO - b'[23/08/2024 10:48:35] --- Open the serial port COM8 ---> SUCCESS'
11:00:35 - INFO - b'Close Program'
11:00:38 - INFO - b'[23/08/2024 11:00:38] --- Open the serial port COM8 ---> SUCCESS'
11:00:46 - INFO - b'[23/08/2024 11:00:46] --- Open the serial port Microsoft XPS Document Writer ---> INFO'
11:01:18 - INFO - b'[23/08/2024 11:01:18] --- Open the serial port COM8 ---> SUCCESS'
11:01:25 - INFO - b'[23/08/2024 11:01:25] --- Open the serial port Microsoft XPS Document Writer ---> INFO'
11:01:58 - INFO - b'[23/08/2024 11:01:58] --- Open the serial port COM8 ---> SUCCESS'
11:02:03 - INFO - b'[23/08/2024 11:02:03] --- Open the serial port Microsoft XPS Document Writer ---> INFO'
11:02:31 - INFO - b'[23/08/2024 11:02:31] --- Open the serial port COM8 ---> SUCCESS'
11:02:32 - INFO - b'[23/08/2024 11:02:32] --- Wrong data format! ---> WARNING'
11:02:38 - INFO - b'[23/08/2024 11:02:38] --- Open the serial port Microsoft XPS Document Writer ---> INFO'
11:04:00 - INFO - b'[23/08/2024 11:04:00] --- Open the serial port COM8 ---> SUCCESS'
11:04:05 - INFO - b'[23/08/2024 11:04:05] --- Open the serial port Microsoft XPS Document Writer ---> INFO'
11:06:11 - INFO - b'Close Program'
11:06:14 - INFO - b'[23/08/2024 11:06:14] --- Open the serial port COM8 ---> SUCCESS'
11:06:24 - INFO - b'[23/08/2024 11:06:24] --- Open the serial port Microsoft XPS Document Writer ---> INFO'
11:06:40 - INFO - b'Close Program'
11:06:43 - INFO - b'[23/08/2024 11:06:43] --- Open the serial port COM8 ---> SUCCESS'
11:06:47 - INFO - b'[23/08/2024 11:06:47] --- Open the serial port Microsoft XPS Document Writer ---> INFO'
11:07:23 - INFO - b'[23/08/2024 11:07:23] --- Open the serial port COM8 ---> SUCCESS'
11:08:07 - INFO - b'[23/08/2024 11:08:07] --- Open the serial port COM8 ---> SUCCESS'
11:08:36 - INFO - b'Close Program'
11:08:47 - INFO - b'[23/08/2024 11:08:47] --- Open the serial port COM8 ---> SUCCESS'
11:08:52 - INFO - b'[23/08/2024 11:08:52] --- Open the serial port Microsoft XPS Document Writer ---> INFO'
11:09:38 - INFO - b'Close Program'
11:09:39 - INFO - b'[23/08/2024 11:09:39] --- Open the serial port COM8 ---> SUCCESS'
11:12:30 - INFO - b'[23/08/2024 11:12:30] --- Open the serial port COM8 ---> SUCCESS'
11:13:47 - INFO - b'[23/08/2024 11:13:47] --- Open the serial port COM8 ---> SUCCESS'
11:15:27 - INFO - b'[23/08/2024 11:15:27] --- Open the serial port COM8 ---> SUCCESS'
11:15:35 - INFO - b'[23/08/2024 11:15:35] --- Open the serial port Microsoft XPS Document Writer ---> INFO'
11:17:05 - INFO - b'[23/08/2024 11:17:05] --- Open the serial port COM8 ---> SUCCESS'
11:17:17 - INFO - b'Close Program'
11:19:15 - INFO - b'[23/08/2024 11:19:14] --- Open the serial port COM8 ---> SUCCESS'
11:22:28 - INFO - b'[23/08/2024 11:22:28] --- Open the serial port COM8 ---> SUCCESS'
11:25:26 - INFO - b'Close Program'
11:25:30 - INFO - b'[23/08/2024 11:25:30] --- Open the serial port COM8 ---> SUCCESS'
11:25:43 - INFO - b'Close Program'
11:35:53 - INFO - b'[23/08/2024 11:35:53] --- Open the serial port COM8 ---> SUCCESS'
11:36:03 - INFO - b'[23/08/2024 11:36:03] --- Open the serial port Microsoft XPS Document Writer ---> INFO'
11:37:26 - INFO - b'Close Program'
11:37:29 - INFO - b'[23/08/2024 11:37:29] --- Open the serial port COM8 ---> SUCCESS'
11:37:35 - INFO - b'[23/08/2024 11:37:35] --- Open the serial port Microsoft XPS Document Writer ---> INFO'
11:38:59 - INFO - b'[23/08/2024 11:38:59] --- Open the serial port COM8 ---> SUCCESS'
11:40:20 - INFO - b'Close Program'
11:40:21 - INFO - b'[23/08/2024 11:40:21] --- Open the serial port COM8 ---> SUCCESS'
11:40:28 - INFO - b'[23/08/2024 11:40:28] --- Open the serial port Microsoft XPS Document Writer ---> INFO'
11:40:33 - INFO - b'Close Program'
11:40:53 - INFO - b'[23/08/2024 11:40:53] --- Open the serial port COM8 ---> SUCCESS'
11:50:41 - INFO - b'[23/08/2024 11:50:41] --- Open the serial port COM8 ---> SUCCESS'
11:51:05 - INFO - b'[23/08/2024 11:51:05] --- Open the serial port COM8 ---> SUCCESS'
11:51:56 - INFO - b'Close Program'
11:52:08 - INFO - b'[23/08/2024 11:52:08] --- Open the serial port COM8 ---> SUCCESS'
11:52:14 - INFO - b'Close Program'
11:55:16 - INFO - b'[23/08/2024 11:55:16] --- Open the serial port COM8 ---> SUCCESS'
13:15:49 - INFO - b'Close Program'
13:15:54 - INFO - b'[23/08/2024 13:15:54] --- Open the serial port COM8 ---> SUCCESS'
13:22:02 - INFO - b'Close Program'
13:22:15 - INFO - b'[23/08/2024 13:22:14] --- Open the serial port COM8 ---> SUCCESS'
13:22:19 - INFO - b'[23/08/2024 13:22:19] --- Open the serial port Microsoft XPS Document Writer ---> INFO'
13:22:26 - INFO - b'Close Program'
13:26:11 - INFO - b'[23/08/2024 13:26:11] --- Open the serial port COM8 ---> SUCCESS'
13:27:21 - INFO - b'Close Program'
13:27:24 - INFO - b'[23/08/2024 13:27:24] --- Open the serial port COM8 ---> SUCCESS'
13:28:02 - INFO - b'Close Program'
13:28:06 - INFO - b'[23/08/2024 13:28:06] --- Open the serial port COM8 ---> SUCCESS'
13:29:25 - INFO - b'Close Program'
13:30:22 - INFO - b'[23/08/2024 13:30:22] --- Open the serial port COM8 ---> SUCCESS'
13:30:44 - INFO - b'Close Program'
13:30:47 - INFO - b'[23/08/2024 13:30:47] --- Open the serial port COM8 ---> SUCCESS'
13:30:58 - INFO - b'Close Program'
13:31:26 - INFO - b'[23/08/2024 13:31:26] --- Open the serial port COM8 ---> SUCCESS'
13:31:54 - INFO - b'Close Program'
13:31:57 - INFO - b'[23/08/2024 13:31:57] --- Open the serial port COM8 ---> SUCCESS'
13:31:58 - INFO - b'Close Program'
13:32:17 - INFO - b'[23/08/2024 13:32:16] --- Open the serial port COM8 ---> SUCCESS'
13:32:21 - INFO - b'[23/08/2024 13:32:21] --- Open the serial port Microsoft XPS Document Writer ---> INFO'
13:32:39 - INFO - b'[23/08/2024 13:32:39] --- Open the serial port COM8 ---> SUCCESS'
13:36:04 - INFO - b'[23/08/2024 13:36:04] --- Open the serial port COM8 ---> SUCCESS'
13:36:12 - INFO - b'Close Program'
13:36:27 - INFO - b'[23/08/2024 13:36:27] --- Open the serial port COM8 ---> SUCCESS'
13:36:57 - INFO - b'[23/08/2024 13:36:57] --- Open the serial port COM8 ---> SUCCESS'
13:48:02 - INFO - b'Close Program'
13:48:06 - INFO - b'[23/08/2024 13:48:06] --- Open the serial port COM8 ---> SUCCESS'
13:48:14 - INFO - b'[23/08/2024 13:48:14] --- Next number SPN: 1 ---> INFO'
13:48:33 - INFO - b'Close Program'
13:48:45 - INFO - b'[23/08/2024 13:48:45] --- Open the serial port COM8 ---> SUCCESS'
13:48:48 - INFO - b'[23/08/2024 13:48:48] --- Next number SPN: 1 ---> INFO'
13:49:46 - INFO - b'[23/08/2024 13:49:46] --- Open the serial port COM8 ---> SUCCESS'
13:49:52 - INFO - b'[23/08/2024 13:49:52] --- Open the serial port Microsoft XPS Document Writer ---> INFO'
13:49:53 - INFO - b'[23/08/2024 13:49:53] --- Next number SPN: 1 ---> INFO'
13:50:59 - INFO - b'[23/08/2024 13:50:59] --- Open the serial port COM8 ---> SUCCESS'
13:51:05 - INFO - b'[23/08/2024 13:51:05] --- Open the serial port Microsoft XPS Document Writer ---> INFO'
13:51:06 - INFO - b'[23/08/2024 13:51:06] --- Next number SPN: 1 ---> INFO'
13:51:17 - INFO - b'Close Program'
13:51:57 - INFO - b'[23/08/2024 13:51:57] --- Open the serial port COM8 ---> SUCCESS'
13:52:14 - INFO - b'[23/08/2024 13:52:14] --- Next number SPN: 1 ---> INFO'
13:52:18 - INFO - b'Close Program'
13:52:25 - INFO - b'[23/08/2024 13:52:25] --- Open the serial port COM8 ---> SUCCESS'
13:53:07 - INFO - b'Close Program'
13:53:09 - INFO - b'[23/08/2024 13:53:09] --- Open the serial port COM8 ---> SUCCESS'
13:53:15 - INFO - b'[23/08/2024 13:53:15] --- Next number SPN: 1 ---> INFO'
14:00:05 - INFO - b'Close Program'
14:00:08 - INFO - b'[23/08/2024 14:00:08] --- Open the serial port COM8 ---> SUCCESS'
14:00:11 - ERROR - b'Something went wrong when fetch SPN'
14:00:51 - INFO - b'[23/08/2024 14:00:51] --- Open the serial port COM8 ---> SUCCESS'
14:00:55 - ERROR - b'Something went wrong when fetch SPN'
14:01:10 - INFO - b'Close Program'
14:01:25 - INFO - b'[23/08/2024 14:01:25] --- Open the serial port COM8 ---> SUCCESS'
14:01:37 - ERROR - b'Something went wrong when fetch SPN'
14:01:38 - INFO - b'Close Program'
14:01:57 - INFO - b'[23/08/2024 14:01:57] --- Open the serial port COM8 ---> SUCCESS'
14:01:59 - ERROR - b'Something went wrong when fetch SPN'
14:02:30 - INFO - b'Close Program'
14:02:32 - INFO - b'[23/08/2024 14:02:32] --- Open the serial port COM8 ---> SUCCESS'
14:02:36 - ERROR - b'Something went wrong when fetch SPN'
14:03:16 - INFO - b'Close Program'
14:03:20 - INFO - b'[23/08/2024 14:03:20] --- Open the serial port COM8 ---> SUCCESS'
14:03:25 - INFO - b'[23/08/2024 14:03:25] --- Next number SPN: 1 ---> INFO'
14:04:19 - INFO - b'[23/08/2024 14:04:19] --- Open the serial port COM8 ---> SUCCESS'
14:04:22 - INFO - b'[23/08/2024 14:04:22] --- Next number SPN: 1 ---> INFO'
14:04:35 - INFO - b'Close Program'
14:06:51 - INFO - b'[23/08/2024 14:06:51] --- Open the serial port COM8 ---> SUCCESS'
14:06:58 - INFO - b'[23/08/2024 14:06:58] --- Next number SPN: 1 ---> INFO'
14:07:02 - INFO - b'Close Program'
