11:00:19 - INFO - b'[21/10/2024 11:00:19] --- Failed to open the serial port COM8 ---> ERROR'
11:00:20 - INFO - b'Close Program'
11:00:28 - INFO - b'[21/10/2024 11:00:28] --- Failed to open the serial port COM8 ---> ERROR'
11:00:33 - INFO - b'[21/10/2024 11:00:33] --- Open the serial port Microsoft XPS Document Writer ---> INFO'
11:00:38 - INFO - b'[21/10/2024 11:00:38] --- TE241018009-0003-7887-V000021 ---> Data Print'
11:00:42 - INFO - b'[21/10/2024 11:00:42] --- TE241018009-0003-7887-V000022 ---> Data Print'
11:00:49 - INFO - b'[21/10/2024 11:00:49] --- TE241018009-0003-7887-V000023 ---> Data Print'
11:00:49 - INFO - b'[21/10/2024 11:00:49] --- TE241018009-0003-7887-V000024 ---> Data Print'
11:00:49 - INFO - b'[21/10/2024 11:00:49] --- TE241018009-0003-7887-V000025 ---> Data Print'
11:00:50 - INFO - b'[21/10/2024 11:00:50] --- TE241018009-0003-7887-V000026 ---> Data Print'
11:00:50 - INFO - b'[21/10/2024 11:00:50] --- TE241018009-0003-7887-V000027 ---> Data Print'
11:00:51 - INFO - b'[21/10/2024 11:00:51] --- TE241018009-0003-7887-V000028 ---> Data Print'
11:00:51 - INFO - b'[21/10/2024 11:00:51] --- TE241018009-0003-7887-V000029 ---> Data Print'
11:00:51 - INFO - b'[21/10/2024 11:00:51] --- TE241018009-0003-7887-V00002A ---> Data Print'
11:00:52 - INFO - b'[21/10/2024 11:00:52] --- TE241018009-0003-7887-V00002B ---> Data Print'
11:00:52 - INFO - b'[21/10/2024 11:00:52] --- TE241018009-0003-7887-V00002C ---> Data Print'
11:00:53 - INFO - b'[21/10/2024 11:00:53] --- TE241018009-0003-7887-V00002D ---> Data Print'
11:00:53 - INFO - b'[21/10/2024 11:00:53] --- TE241018009-0003-7887-V00002E ---> Data Print'
11:00:53 - INFO - b'[21/10/2024 11:00:53] --- TE241018009-0003-7887-V00002F ---> Data Print'
11:00:54 - INFO - b'[21/10/2024 11:00:54] --- TE241018009-0003-7887-V00002G ---> Data Print'
11:00:54 - INFO - b'[21/10/2024 11:00:54] --- TE241018009-0003-7887-V00002H ---> Data Print'
11:00:55 - INFO - b'[21/10/2024 11:00:55] --- TE241018009-0003-7887-V00002J ---> Data Print'
11:00:55 - INFO - b'[21/10/2024 11:00:55] --- TE241018009-0003-7887-V00002K ---> Data Print'
11:00:55 - INFO - b'[21/10/2024 11:00:55] --- TE241018009-0003-7887-V00002L ---> Data Print'
11:00:56 - INFO - b'[21/10/2024 11:00:56] --- TE241018009-0003-7887-V00002M ---> Data Print'
11:00:56 - INFO - b'[21/10/2024 11:00:56] --- TE241018009-0003-7887-V00002N ---> Data Print'
11:00:57 - INFO - b'[21/10/2024 11:00:57] --- TE241018009-0003-7887-V00002P ---> Data Print'
11:00:57 - INFO - b'[21/10/2024 11:00:57] --- TE241018009-0003-7887-V00002Q ---> Data Print'
11:00:57 - INFO - b'[21/10/2024 11:00:57] --- TE241018009-0003-7887-V00002R ---> Data Print'
11:00:58 - INFO - b'[21/10/2024 11:00:58] --- TE241018009-0003-7887-V00002S ---> Data Print'
11:00:58 - INFO - b'[21/10/2024 11:00:58] --- TE241018009-0003-7887-V00002T ---> Data Print'
11:00:59 - INFO - b'[21/10/2024 11:00:59] --- TE241018009-0003-7887-V00002U ---> Data Print'
11:00:59 - INFO - b'[21/10/2024 11:00:59] --- TE241018009-0003-7887-V00002V ---> Data Print'
11:01:00 - INFO - b'[21/10/2024 11:01:00] --- TE241018009-0003-7887-V00002W ---> Data Print'
11:01:00 - INFO - b'[21/10/2024 11:01:00] --- TE241018009-0003-7887-V00002X ---> Data Print'
11:01:00 - INFO - b'[21/10/2024 11:01:00] --- TE241018009-0003-7887-V00002Y ---> Data Print'
11:01:00 - INFO - b'[21/10/2024 11:01:00] --- Khong con stepcode nao chua in v\xe1\xbb\x9bi Box ID: 241018009-0003-7887-V00002 ---> ERROR'
11:24:25 - INFO - b'[21/10/2024 11:24:25] --- Failed to open the serial port COM8 ---> ERROR'
11:24:28 - INFO - b'Close Program'
11:25:47 - INFO - b'[21/10/2024 11:25:47] --- Failed to open the serial port COM8 ---> ERROR'
11:33:16 - INFO - b'[21/10/2024 11:33:16] --- Failed to open the serial port COM8 ---> ERROR'
11:33:20 - INFO - b'Close Program'
11:33:56 - INFO - b'[21/10/2024 11:33:56] --- Failed to open the serial port COM8 ---> ERROR'
11:34:00 - INFO - b'Close Program'
11:34:14 - INFO - b'[21/10/2024 11:34:14] --- Failed to open the serial port COM8 ---> ERROR'
11:34:19 - INFO - b'Close Program'
11:34:36 - INFO - b'[21/10/2024 11:34:36] --- Failed to open the serial port COM8 ---> ERROR'
11:36:22 - INFO - b'[21/10/2024 11:36:22] --- Failed to open the serial port COM8 ---> ERROR'
11:36:32 - INFO - b'Close Program'
11:38:34 - INFO - b'[21/10/2024 11:38:34] --- Failed to open the serial port COM8 ---> ERROR'
11:40:12 - INFO - b'[21/10/2024 11:40:12] --- Failed to open the serial port COM8 ---> ERROR'
11:40:17 - INFO - b'Close Program'
11:40:27 - INFO - b'[21/10/2024 11:40:27] --- Failed to open the serial port COM8 ---> ERROR'
11:40:30 - INFO - b'Close Program'
11:40:55 - INFO - b'[21/10/2024 11:40:55] --- Failed to open the serial port COM8 ---> ERROR'
11:41:01 - INFO - b'[21/10/2024 11:41:01] --- Open the serial port Microsoft XPS Document Writer ---> INFO'
11:41:06 - INFO - b'Close Program'
11:42:25 - INFO - b'[21/10/2024 11:42:25] --- Failed to open the serial port COM8 ---> ERROR'
11:43:20 - INFO - b'[21/10/2024 11:43:20] --- Failed to open the serial port COM8 ---> ERROR'
11:43:30 - INFO - b'[21/10/2024 11:43:30] --- Failed to open the serial port COM8 ---> ERROR'
11:43:35 - INFO - b'Close Program'
11:46:22 - INFO - b'[21/10/2024 11:46:22] --- Failed to open the serial port COM8 ---> ERROR'
11:46:43 - INFO - b'Close Program'
11:46:50 - INFO - b'[21/10/2024 11:46:50] --- Failed to open the serial port COM8 ---> ERROR'
11:46:53 - INFO - b'Close Program'
11:47:33 - INFO - b'[21/10/2024 11:47:33] --- Failed to open the serial port COM8 ---> ERROR'
11:47:36 - INFO - b'Close Program'
11:49:04 - INFO - b'[21/10/2024 11:49:04] --- Failed to open the serial port COM8 ---> ERROR'
11:50:01 - INFO - b'[21/10/2024 11:50:01] --- Failed to open the serial port COM8 ---> ERROR'
11:50:18 - INFO - b'[21/10/2024 11:50:18] --- Failed to open the serial port COM8 ---> ERROR'
11:50:44 - INFO - b'[21/10/2024 11:50:44] --- Failed to open the serial port COM8 ---> ERROR'
11:52:34 - INFO - b'[21/10/2024 11:52:34] --- Failed to open the serial port COM8 ---> ERROR'
11:52:42 - INFO - b'Close Program'
11:54:32 - INFO - b'[21/10/2024 11:54:32] --- Failed to open the serial port COM8 ---> ERROR'
11:54:40 - INFO - b'Close Program'
11:57:13 - INFO - b'[21/10/2024 11:57:13] --- Failed to open the serial port COM8 ---> ERROR'
11:57:22 - INFO - b'Close Program'
13:05:56 - INFO - b'[21/10/2024 13:05:56] --- Failed to open the serial port COM8 ---> ERROR'
13:06:37 - INFO - b'[21/10/2024 13:06:37] --- Failed to open the serial port COM8 ---> ERROR'
13:07:42 - INFO - b'[21/10/2024 13:07:42] --- Failed to open the serial port COM8 ---> ERROR'
13:07:44 - INFO - b'Close Program'
13:07:45 - INFO - b'Close Program'
13:08:15 - INFO - b'[21/10/2024 13:08:15] --- Failed to open the serial port COM8 ---> ERROR'
13:08:18 - INFO - b'Close Program'
13:08:21 - INFO - b'[21/10/2024 13:08:21] --- Failed to open the serial port COM8 ---> ERROR'
13:08:27 - INFO - b'[21/10/2024 13:08:27] --- Open the serial port Microsoft XPS Document Writer ---> INFO'
13:09:07 - INFO - b'[21/10/2024 13:09:07] --- Failed to open the serial port COM8 ---> ERROR'
13:09:29 - INFO - b'[21/10/2024 13:09:29] --- Open the serial port Microsoft XPS Document Writer ---> INFO'
13:09:38 - INFO - b'[21/10/2024 13:09:38] --- Khong con stepcode nao chua in voi Box ID: 241018009-0003-7887-V00002 ---> ERROR'
13:09:38 - ERROR - b'Not found next stepcode for 241018009-0003-7887-V00002'
13:10:11 - INFO - b'Save Log API OK!'
13:10:12 - INFO - b'[21/10/2024 13:10:12] --- 241018009-0003-7887-V000021 ---> Data Print'
13:10:12 - INFO - b'Save Log API OK!'
13:10:12 - INFO - b'[21/10/2024 13:10:12] --- 241018009-0003-7887-V000022 ---> Data Print'
13:10:12 - INFO - b'Save Log API OK!'
13:10:13 - INFO - b'[21/10/2024 13:10:13] --- 241018009-0003-7887-V000023 ---> Data Print'
13:10:13 - INFO - b'Save Log API OK!'
13:10:13 - INFO - b'[21/10/2024 13:10:13] --- 241018009-0003-7887-V000024 ---> Data Print'
13:10:13 - INFO - b'Save Log API OK!'
13:10:14 - INFO - b'[21/10/2024 13:10:14] --- 241018009-0003-7887-V000025 ---> Data Print'
13:10:14 - INFO - b'Save Log API OK!'
13:10:14 - INFO - b'[21/10/2024 13:10:14] --- 241018009-0003-7887-V000026 ---> Data Print'
13:10:14 - INFO - b'Save Log API OK!'
13:10:15 - INFO - b'[21/10/2024 13:10:15] --- 241018009-0003-7887-V000027 ---> Data Print'
13:10:15 - INFO - b'Save Log API OK!'
13:10:15 - INFO - b'[21/10/2024 13:10:15] --- 241018009-0003-7887-V000028 ---> Data Print'
13:10:15 - INFO - b'Save Log API OK!'
13:10:16 - INFO - b'[21/10/2024 13:10:16] --- 241018009-0003-7887-V000029 ---> Data Print'
13:10:16 - INFO - b'Save Log API OK!'
13:10:16 - INFO - b'[21/10/2024 13:10:16] --- 241018009-0003-7887-V00002A ---> Data Print'
13:10:48 - INFO - b'[21/10/2024 13:10:48] --- TE241018009-0003-7887-V000021 ---> Data Print'
13:10:48 - INFO - b'[21/10/2024 13:10:48] --- TE241018009-0003-7887-V000022 ---> Data Print'
13:10:49 - INFO - b'[21/10/2024 13:10:49] --- TE241018009-0003-7887-V000023 ---> Data Print'
13:10:49 - INFO - b'[21/10/2024 13:10:49] --- TE241018009-0003-7887-V000024 ---> Data Print'
13:10:49 - INFO - b'[21/10/2024 13:10:49] --- TE241018009-0003-7887-V000025 ---> Data Print'
13:10:50 - INFO - b'[21/10/2024 13:10:50] --- TE241018009-0003-7887-V000026 ---> Data Print'
13:10:50 - INFO - b'[21/10/2024 13:10:50] --- TE241018009-0003-7887-V000027 ---> Data Print'
13:10:51 - INFO - b'[21/10/2024 13:10:51] --- TE241018009-0003-7887-V000028 ---> Data Print'
13:10:51 - INFO - b'[21/10/2024 13:10:51] --- TE241018009-0003-7887-V000029 ---> Data Print'
13:10:52 - INFO - b'[21/10/2024 13:10:52] --- TE241018009-0003-7887-V00002A ---> Data Print'
13:12:22 - INFO - b'[21/10/2024 13:12:22] --- TE241018009-0003-7887-V00002B ---> Data Print'
13:12:22 - INFO - b'[21/10/2024 13:12:22] --- TE241018009-0003-7887-V00002C ---> Data Print'
13:12:23 - INFO - b'[21/10/2024 13:12:23] --- TE241018009-0003-7887-V00002D ---> Data Print'
13:12:23 - INFO - b'[21/10/2024 13:12:23] --- TE241018009-0003-7887-V00002E ---> Data Print'
13:12:23 - INFO - b'[21/10/2024 13:12:23] --- TE241018009-0003-7887-V00002F ---> Data Print'
13:12:24 - INFO - b'[21/10/2024 13:12:24] --- TE241018009-0003-7887-V00002G ---> Data Print'
13:12:24 - INFO - b'[21/10/2024 13:12:24] --- TE241018009-0003-7887-V00002H ---> Data Print'
13:12:25 - INFO - b'[21/10/2024 13:12:25] --- TE241018009-0003-7887-V00002J ---> Data Print'
13:12:25 - INFO - b'[21/10/2024 13:12:25] --- TE241018009-0003-7887-V00002K ---> Data Print'
13:12:26 - INFO - b'[21/10/2024 13:12:26] --- TE241018009-0003-7887-V00002L ---> Data Print'
13:12:56 - INFO - b'[21/10/2024 13:12:56] --- TE241018009-0003-7887-V00002M ---> Data Print'
13:12:57 - INFO - b'[21/10/2024 13:12:57] --- TE241018009-0003-7887-V00002N ---> Data Print'
13:12:57 - INFO - b'[21/10/2024 13:12:57] --- TE241018009-0003-7887-V00002P ---> Data Print'
13:12:58 - INFO - b'[21/10/2024 13:12:58] --- TE241018009-0003-7887-V00002Q ---> Data Print'
13:12:58 - INFO - b'[21/10/2024 13:12:58] --- TE241018009-0003-7887-V00002R ---> Data Print'
13:12:58 - INFO - b'[21/10/2024 13:12:58] --- TE241018009-0003-7887-V00002S ---> Data Print'
13:12:59 - INFO - b'[21/10/2024 13:12:59] --- TE241018009-0003-7887-V00002T ---> Data Print'
13:12:59 - INFO - b'[21/10/2024 13:12:59] --- TE241018009-0003-7887-V00002U ---> Data Print'
13:13:00 - INFO - b'[21/10/2024 13:13:00] --- TE241018009-0003-7887-V00002V ---> Data Print'
13:13:00 - INFO - b'[21/10/2024 13:13:00] --- TE241018009-0003-7887-V00002W ---> Data Print'
13:13:25 - INFO - b'[21/10/2024 13:13:25] --- TE241018009-0003-7887-V00002X ---> Data Print'
13:14:10 - INFO - b'[21/10/2024 13:14:10] --- TE241018009-0003-7887-V00002Y ---> Data Print'
13:14:23 - INFO - b'[21/10/2024 13:14:23] --- Khong con stepcode nao chua in v\xe1\xbb\x9bi Box ID: 241018009-0003-7887-V00002 ---> ERROR'
13:14:30 - INFO - b'Save Log API OK!'
13:14:30 - INFO - b'[21/10/2024 13:14:30] --- 241018009-0003-7887-V00002B ---> Data Print'
13:14:31 - INFO - b'Save Log API OK!'
13:14:31 - INFO - b'[21/10/2024 13:14:31] --- 241018009-0003-7887-V00002C ---> Data Print'
13:14:31 - INFO - b'Save Log API OK!'
13:14:31 - INFO - b'[21/10/2024 13:14:31] --- 241018009-0003-7887-V00002D ---> Data Print'
13:14:56 - INFO - b'[21/10/2024 13:14:56] --- Khong con stepcode nao chua in v\xe1\xbb\x9bi Box ID: 241018009-0003-7887-V00002 ---> ERROR'
13:15:01 - INFO - b'Close Program'
13:15:04 - INFO - b'[21/10/2024 13:15:04] --- Failed to open the serial port COM8 ---> ERROR'
13:15:07 - INFO - b'[21/10/2024 13:15:07] --- Open the serial port Microsoft XPS Document Writer ---> INFO'
13:15:29 - INFO - b'[21/10/2024 13:15:29] --- TE241018009-0003-7887-V000021 ---> Data Print'
13:18:41 - INFO - b'[21/10/2024 13:18:41] --- Failed to open the serial port COM8 ---> ERROR'
13:18:51 - INFO - b'[21/10/2024 13:18:51] --- Open the serial port Microsoft XPS Document Writer ---> INFO'
13:19:03 - INFO - b'[21/10/2024 13:19:03] --- TETE241018009-0003-7887-V000021 ---> Data Print'
13:19:14 - INFO - b'Close Program'
13:19:34 - INFO - b'[21/10/2024 13:19:34] --- Failed to open the serial port COM8 ---> ERROR'
13:19:40 - INFO - b'[21/10/2024 13:19:40] --- Open the serial port Microsoft XPS Document Writer ---> INFO'
13:19:48 - INFO - b'[21/10/2024 13:19:48] --- TETE241018009-0003-7887-V000021 ---> Data Print'
13:19:55 - INFO - b'[21/10/2024 13:19:55] --- TETE241018009-0003-7887-V000022 ---> Data Print'
13:20:03 - INFO - b'Save Log API OK!'
13:20:04 - INFO - b'[21/10/2024 13:20:04] --- 241018009-0003-7887-V00002E ---> Data Print'
13:20:19 - INFO - b'Save Log API OK!'
13:20:19 - INFO - b'[21/10/2024 13:20:19] --- 241018009-0003-7887-V00002F ---> Data Print'
13:20:19 - INFO - b'Save Log API OK!'
13:20:20 - INFO - b'[21/10/2024 13:20:20] --- 241018009-0003-7887-V00002G ---> Data Print'
13:20:20 - INFO - b'Save Log API OK!'
13:20:20 - INFO - b'[21/10/2024 13:20:20] --- 241018009-0003-7887-V00002H ---> Data Print'
13:20:20 - INFO - b'Save Log API OK!'
13:20:20 - INFO - b'[21/10/2024 13:20:20] --- 241018009-0003-7887-V00002J ---> Data Print'
13:20:21 - INFO - b'Save Log API OK!'
13:20:21 - INFO - b'[21/10/2024 13:20:21] --- 241018009-0003-7887-V00002K ---> Data Print'
13:20:21 - INFO - b'Save Log API OK!'
13:20:21 - INFO - b'[21/10/2024 13:20:21] --- 241018009-0003-7887-V00002L ---> Data Print'
13:20:21 - INFO - b'Save Log API OK!'
13:20:22 - INFO - b'[21/10/2024 13:20:22] --- 241018009-0003-7887-V00002M ---> Data Print'
13:20:22 - INFO - b'Save Log API OK!'
13:20:22 - INFO - b'[21/10/2024 13:20:22] --- 241018009-0003-7887-V00002N ---> Data Print'
13:20:22 - INFO - b'Save Log API OK!'
13:20:23 - INFO - b'[21/10/2024 13:20:23] --- 241018009-0003-7887-V00002P ---> Data Print'
13:20:23 - INFO - b'Save Log API OK!'
13:20:23 - INFO - b'[21/10/2024 13:20:23] --- 241018009-0003-7887-V00002Q ---> Data Print'
13:20:28 - INFO - b'Save Log API OK!'
13:20:29 - INFO - b'[21/10/2024 13:20:29] --- 241018009-0003-7887-V00002R ---> Data Print'
13:20:29 - INFO - b'Save Log API OK!'
13:20:29 - INFO - b'[21/10/2024 13:20:29] --- 241018009-0003-7887-V00002S ---> Data Print'
13:20:29 - INFO - b'Save Log API OK!'
13:20:30 - INFO - b'[21/10/2024 13:20:30] --- 241018009-0003-7887-V00002T ---> Data Print'
13:20:30 - INFO - b'Save Log API OK!'
13:20:30 - INFO - b'[21/10/2024 13:20:30] --- 241018009-0003-7887-V00002U ---> Data Print'
13:20:30 - INFO - b'Save Log API OK!'
13:20:30 - INFO - b'[21/10/2024 13:20:30] --- 241018009-0003-7887-V00002V ---> Data Print'
13:20:31 - INFO - b'Save Log API OK!'
13:20:31 - INFO - b'[21/10/2024 13:20:31] --- 241018009-0003-7887-V00002W ---> Data Print'
13:20:31 - INFO - b'Save Log API OK!'
13:20:31 - INFO - b'[21/10/2024 13:20:31] --- 241018009-0003-7887-V00002X ---> Data Print'
13:20:31 - INFO - b'Save Log API OK!'
13:20:32 - INFO - b'[21/10/2024 13:20:32] --- 241018009-0003-7887-V00002Y ---> Data Print'
13:20:32 - INFO - b'Save Log API OK!'
13:20:32 - INFO - b'[21/10/2024 13:20:32] --- 241018009-0003-7887-V00002Z ---> Data Print'
13:20:32 - INFO - b'[21/10/2024 13:20:32] --- Khong con stepcode nao chua in voi Box ID: 241018009-0003-7887-V00002 ---> ERROR'
13:20:32 - ERROR - b'Not found next stepcode for 241018009-0003-7887-V00002'
13:20:41 - INFO - b'[21/10/2024 13:20:41] --- Khong con stepcode nao chua in voi Box ID: 241018009-0003-7887-V00002 ---> ERROR'
13:20:41 - ERROR - b'Not found next stepcode for 241018009-0003-7887-V00002'
13:20:55 - INFO - b'Close Program'
13:24:09 - INFO - b'[21/10/2024 13:24:09] --- Failed to open the serial port COM8 ---> ERROR'
13:24:15 - INFO - b'[21/10/2024 13:24:15] --- Open the serial port Microsoft XPS Document Writer ---> INFO'
13:24:56 - INFO - b'Save Log API OK!'
13:24:56 - INFO - b'[21/10/2024 13:24:56] --- 241018009-0003-7887-V000021 ---> Data Print'
13:25:17 - INFO - b'[21/10/2024 13:25:17] --- TETE241018009-0003-7887-V000021 ---> Data Print'
13:27:13 - INFO - b'[21/10/2024 13:27:13] --- TETE241018009-0003-7887-V000022 ---> Data Print'
13:28:06 - INFO - b'[21/10/2024 13:28:06] --- Failed to open the serial port COM8 ---> ERROR'
13:28:17 - INFO - b'[21/10/2024 13:28:17] --- Open the serial port Microsoft XPS Document Writer ---> INFO'
13:28:20 - INFO - b'[21/10/2024 13:28:20] --- TE241018009-0003-7887-V000021 ---> Data Print'
13:28:30 - INFO - b'[21/10/2024 13:28:30] --- TE241018009-0003-7887-V000022 ---> Data Print'
13:28:30 - INFO - b'[21/10/2024 13:28:30] --- TE241018009-0003-7887-V000023 ---> Data Print'
13:28:30 - INFO - b'[21/10/2024 13:28:30] --- TE241018009-0003-7887-V000024 ---> Data Print'
13:28:31 - INFO - b'[21/10/2024 13:28:31] --- TE241018009-0003-7887-V000025 ---> Data Print'
13:28:31 - INFO - b'[21/10/2024 13:28:31] --- TE241018009-0003-7887-V000026 ---> Data Print'
13:28:31 - INFO - b'[21/10/2024 13:28:31] --- TE241018009-0003-7887-V000027 ---> Data Print'
13:28:32 - INFO - b'[21/10/2024 13:28:32] --- TE241018009-0003-7887-V000028 ---> Data Print'
13:28:32 - INFO - b'[21/10/2024 13:28:32] --- TE241018009-0003-7887-V000029 ---> Data Print'
13:28:32 - INFO - b'[21/10/2024 13:28:32] --- TE241018009-0003-7887-V00002A ---> Data Print'
13:28:33 - INFO - b'[21/10/2024 13:28:33] --- TE241018009-0003-7887-V00002B ---> Data Print'
13:28:40 - INFO - b'Save Log API OK!'
13:28:40 - INFO - b'[21/10/2024 13:28:40] --- 241018009-0003-7887-V000022 ---> Data Print'
13:28:40 - INFO - b'Save Log API OK!'
13:28:40 - INFO - b'[21/10/2024 13:28:40] --- 241018009-0003-7887-V000023 ---> Data Print'
13:28:40 - INFO - b'Save Log API OK!'
13:28:41 - INFO - b'[21/10/2024 13:28:41] --- 241018009-0003-7887-V000024 ---> Data Print'
13:28:41 - INFO - b'Save Log API OK!'
13:28:41 - INFO - b'[21/10/2024 13:28:41] --- 241018009-0003-7887-V000025 ---> Data Print'
13:28:41 - INFO - b'Save Log API OK!'
13:28:41 - INFO - b'[21/10/2024 13:28:41] --- 241018009-0003-7887-V000026 ---> Data Print'
13:28:41 - INFO - b'Save Log API OK!'
13:28:42 - INFO - b'[21/10/2024 13:28:42] --- 241018009-0003-7887-V000027 ---> Data Print'
13:28:42 - INFO - b'Save Log API OK!'
13:28:42 - INFO - b'[21/10/2024 13:28:42] --- 241018009-0003-7887-V000028 ---> Data Print'
13:28:42 - INFO - b'Save Log API OK!'
13:28:42 - INFO - b'[21/10/2024 13:28:42] --- 241018009-0003-7887-V000029 ---> Data Print'
13:28:42 - INFO - b'Save Log API OK!'
13:28:43 - INFO - b'[21/10/2024 13:28:43] --- 241018009-0003-7887-V00002A ---> Data Print'
13:28:43 - INFO - b'Save Log API OK!'
13:28:43 - INFO - b'[21/10/2024 13:28:43] --- 241018009-0003-7887-V00002B ---> Data Print'
13:28:50 - INFO - b'Close Program'
13:29:56 - INFO - b'[21/10/2024 13:29:56] --- Failed to open the serial port COM8 ---> ERROR'
13:30:01 - INFO - b'[21/10/2024 13:30:01] --- Open the serial port Microsoft XPS Document Writer ---> INFO'
13:30:04 - INFO - b'[21/10/2024 13:30:04] --- Open the serial port COM7 ---> SUCCESS'
13:30:07 - INFO - b'Save Log API OK!'
13:30:07 - INFO - b'[21/10/2024 13:30:07] --- 241018009-0003-7887-V00002C ---> Data Print'
13:30:09 - INFO - b'Save Log API OK!'
13:30:09 - INFO - b'[21/10/2024 13:30:09] --- 241018009-0003-7887-V00002D ---> Data Print'
13:30:10 - INFO - b'Save Log API OK!'
13:30:11 - INFO - b'[21/10/2024 13:30:11] --- 241018009-0003-7887-V00002E ---> Data Print'
13:30:11 - INFO - b'Save Log API OK!'
13:30:12 - INFO - b'[21/10/2024 13:30:12] --- 241018009-0003-7887-V00002F ---> Data Print'
13:30:18 - INFO - b'Save Log API OK!'
13:30:18 - INFO - b'[21/10/2024 13:30:18] --- 241018009-0003-7887-V00002G ---> Data Print'
13:30:18 - INFO - b'Save Log API OK!'
13:30:18 - INFO - b'[21/10/2024 13:30:18] --- 241018009-0003-7887-V00002H ---> Data Print'
13:30:18 - INFO - b'Save Log API OK!'
13:30:19 - INFO - b'[21/10/2024 13:30:19] --- 241018009-0003-7887-V00002J ---> Data Print'
13:30:19 - INFO - b'Save Log API OK!'
13:30:19 - INFO - b'[21/10/2024 13:30:19] --- 241018009-0003-7887-V00002K ---> Data Print'
13:30:19 - INFO - b'Save Log API OK!'
13:30:19 - INFO - b'[21/10/2024 13:30:19] --- 241018009-0003-7887-V00002L ---> Data Print'
13:30:19 - INFO - b'Save Log API OK!'
13:30:20 - INFO - b'[21/10/2024 13:30:20] --- 241018009-0003-7887-V00002M ---> Data Print'
13:30:20 - INFO - b'Save Log API OK!'
13:30:20 - INFO - b'[21/10/2024 13:30:20] --- 241018009-0003-7887-V00002N ---> Data Print'
13:30:20 - INFO - b'Save Log API OK!'
13:30:20 - INFO - b'[21/10/2024 13:30:20] --- 241018009-0003-7887-V00002P ---> Data Print'
13:30:21 - INFO - b'Save Log API OK!'
13:30:21 - INFO - b'[21/10/2024 13:30:21] --- 241018009-0003-7887-V00002Q ---> Data Print'
13:30:21 - INFO - b'Save Log API OK!'
13:30:21 - INFO - b'[21/10/2024 13:30:21] --- 241018009-0003-7887-V00002R ---> Data Print'
13:30:21 - INFO - b'Save Log API OK!'
13:30:22 - INFO - b'[21/10/2024 13:30:22] --- 241018009-0003-7887-V00002S ---> Data Print'
13:30:22 - INFO - b'Save Log API OK!'
13:30:22 - INFO - b'[21/10/2024 13:30:22] --- 241018009-0003-7887-V00002T ---> Data Print'
13:30:22 - INFO - b'Save Log API OK!'
13:30:22 - INFO - b'[21/10/2024 13:30:22] --- 241018009-0003-7887-V00002U ---> Data Print'
13:30:22 - INFO - b'Save Log API OK!'
13:30:23 - INFO - b'[21/10/2024 13:30:23] --- 241018009-0003-7887-V00002V ---> Data Print'
13:30:23 - INFO - b'Save Log API OK!'
13:30:23 - INFO - b'[21/10/2024 13:30:23] --- 241018009-0003-7887-V00002W ---> Data Print'
13:30:23 - INFO - b'Save Log API OK!'
13:30:24 - INFO - b'[21/10/2024 13:30:24] --- 241018009-0003-7887-V00002X ---> Data Print'
13:30:24 - INFO - b'Save Log API OK!'
13:30:24 - INFO - b'[21/10/2024 13:30:24] --- 241018009-0003-7887-V00002Y ---> Data Print'
13:30:24 - INFO - b'Save Log API OK!'
13:30:24 - INFO - b'[21/10/2024 13:30:24] --- 241018009-0003-7887-V00002Z ---> Data Print'
13:30:24 - INFO - b'[21/10/2024 13:30:24] --- Khong con stepcode nao chua in voi Box ID: 241018009-0003-7887-V00002 ---> ERROR'
13:30:24 - ERROR - b'Not found next stepcode for 241018009-0003-7887-V00002'
13:31:56 - INFO - b'Close Program'
13:43:04 - INFO - b'[21/10/2024 13:43:04] --- Failed to open the serial port COM8 ---> ERROR'
13:43:07 - INFO - b'Close Program'
13:43:31 - INFO - b'[21/10/2024 13:43:31] --- Failed to open the serial port COM8 ---> ERROR'
13:43:51 - INFO - b'Close Program'
13:44:14 - INFO - b'[21/10/2024 13:44:14] --- Failed to open the serial port COM8 ---> ERROR'
13:44:16 - INFO - b'[21/10/2024 13:44:16] --- Failed to open the serial port COM8 ---> ERROR'
13:45:42 - INFO - b'[21/10/2024 13:45:42] --- Failed to open the serial port COM8 ---> ERROR'
13:45:47 - INFO - b'[21/10/2024 13:45:47] --- Open the serial port Microsoft XPS Document Writer ---> INFO'
13:45:52 - INFO - b'[21/10/2024 13:45:52] --- Khong con stepcode nao chua in voi Box ID: 241018009-0003-7887-V00002 ---> ERROR'
13:45:52 - ERROR - b'Not found next stepcode for 241018009-0003-7887-V00002'
13:45:54 - INFO - b'[21/10/2024 13:45:54] --- Khong con stepcode nao chua in voi Box ID: 241018009-0003-7887-V00002 ---> ERROR'
13:45:54 - ERROR - b'Not found next stepcode for 241018009-0003-7887-V00002'
13:45:57 - INFO - b'Save Log API OK!'
13:45:58 - INFO - b'[21/10/2024 13:45:58] --- 241018009-0003-7887-V000061 ---> Data Print'
13:46:37 - INFO - b'Close Program'
13:47:33 - INFO - b'[21/10/2024 13:47:33] --- Failed to open the serial port COM8 ---> ERROR'
13:47:36 - INFO - b'[21/10/2024 13:47:36] --- Open the serial port Microsoft XPS Document Writer ---> INFO'
13:48:04 - INFO - b'Close Program'
14:13:49 - INFO - b'[21/10/2024 14:13:49] --- Failed to open the serial port COM8 ---> ERROR'
14:15:23 - INFO - b'[21/10/2024 14:15:23] --- Failed to open the serial port COM8 ---> ERROR'
14:15:25 - INFO - b'Close Program'
14:15:30 - INFO - b'[21/10/2024 14:15:30] --- Failed to open the serial port COM8 ---> ERROR'
14:16:06 - INFO - b"[21/10/2024 14:16:06] --- Failed to send data print : 'MyApplication' object has no attribute 'zebraPrinter' ---> ERROR"
14:16:06 - INFO - b'[21/10/2024 14:16:06] --- TE241018009-0003-7887-V000021 ---> Data Print'
14:16:06 - INFO - b"[21/10/2024 14:16:06] --- Failed to send data print : 'MyApplication' object has no attribute 'zebraPrinter' ---> ERROR"
14:16:07 - INFO - b'[21/10/2024 14:16:07] --- TE241018009-0003-7887-V000022 ---> Data Print'
14:16:07 - INFO - b"[21/10/2024 14:16:07] --- Failed to send data print : 'MyApplication' object has no attribute 'zebraPrinter' ---> ERROR"
14:16:07 - INFO - b'[21/10/2024 14:16:07] --- TE241018009-0003-7887-V000023 ---> Data Print'
14:16:07 - INFO - b"[21/10/2024 14:16:07] --- Failed to send data print : 'MyApplication' object has no attribute 'zebraPrinter' ---> ERROR"
14:16:07 - INFO - b'[21/10/2024 14:16:07] --- TE241018009-0003-7887-V000024 ---> Data Print'
14:16:07 - INFO - b"[21/10/2024 14:16:07] --- Failed to send data print : 'MyApplication' object has no attribute 'zebraPrinter' ---> ERROR"
14:16:07 - INFO - b'[21/10/2024 14:16:07] --- TE241018009-0003-7887-V000025 ---> Data Print'
14:16:08 - INFO - b"[21/10/2024 14:16:07] --- Failed to send data print : 'MyApplication' object has no attribute 'zebraPrinter' ---> ERROR"
14:16:08 - INFO - b'[21/10/2024 14:16:08] --- TE241018009-0003-7887-V000026 ---> Data Print'
14:16:08 - INFO - b"[21/10/2024 14:16:08] --- Failed to send data print : 'MyApplication' object has no attribute 'zebraPrinter' ---> ERROR"
14:16:08 - INFO - b'[21/10/2024 14:16:08] --- TE241018009-0003-7887-V000027 ---> Data Print'
14:16:08 - INFO - b"[21/10/2024 14:16:08] --- Failed to send data print : 'MyApplication' object has no attribute 'zebraPrinter' ---> ERROR"
14:16:08 - INFO - b'[21/10/2024 14:16:08] --- TE241018009-0003-7887-V000028 ---> Data Print'
14:16:08 - INFO - b"[21/10/2024 14:16:08] --- Failed to send data print : 'MyApplication' object has no attribute 'zebraPrinter' ---> ERROR"
14:16:09 - INFO - b'[21/10/2024 14:16:09] --- TE241018009-0003-7887-V000029 ---> Data Print'
14:16:09 - INFO - b"[21/10/2024 14:16:09] --- Failed to send data print : 'MyApplication' object has no attribute 'zebraPrinter' ---> ERROR"
14:16:09 - INFO - b'[21/10/2024 14:16:09] --- TE241018009-0003-7887-V00002A ---> Data Print'
14:16:09 - INFO - b"[21/10/2024 14:16:09] --- Failed to send data print : 'MyApplication' object has no attribute 'zebraPrinter' ---> ERROR"
14:16:09 - INFO - b'[21/10/2024 14:16:09] --- TE241018009-0003-7887-V00002B ---> Data Print'
14:16:09 - INFO - b"[21/10/2024 14:16:09] --- Failed to send data print : 'MyApplication' object has no attribute 'zebraPrinter' ---> ERROR"
14:16:10 - INFO - b'[21/10/2024 14:16:10] --- TE241018009-0003-7887-V00002C ---> Data Print'
14:16:10 - INFO - b"[21/10/2024 14:16:10] --- Failed to send data print : 'MyApplication' object has no attribute 'zebraPrinter' ---> ERROR"
14:16:10 - INFO - b'[21/10/2024 14:16:10] --- TE241018009-0003-7887-V00002D ---> Data Print'
14:16:10 - INFO - b"[21/10/2024 14:16:10] --- Failed to send data print : 'MyApplication' object has no attribute 'zebraPrinter' ---> ERROR"
14:16:10 - INFO - b'[21/10/2024 14:16:10] --- TE241018009-0003-7887-V00002E ---> Data Print'
14:16:10 - INFO - b"[21/10/2024 14:16:10] --- Failed to send data print : 'MyApplication' object has no attribute 'zebraPrinter' ---> ERROR"
14:16:11 - INFO - b'[21/10/2024 14:16:11] --- TE241018009-0003-7887-V00002F ---> Data Print'
14:16:11 - INFO - b"[21/10/2024 14:16:11] --- Failed to send data print : 'MyApplication' object has no attribute 'zebraPrinter' ---> ERROR"
14:16:11 - INFO - b'[21/10/2024 14:16:11] --- TE241018009-0003-7887-V00002G ---> Data Print'
14:16:11 - INFO - b"[21/10/2024 14:16:11] --- Failed to send data print : 'MyApplication' object has no attribute 'zebraPrinter' ---> ERROR"
14:16:11 - INFO - b'[21/10/2024 14:16:11] --- TE241018009-0003-7887-V00002H ---> Data Print'
14:16:11 - INFO - b"[21/10/2024 14:16:11] --- Failed to send data print : 'MyApplication' object has no attribute 'zebraPrinter' ---> ERROR"
14:16:12 - INFO - b'[21/10/2024 14:16:12] --- TE241018009-0003-7887-V00002J ---> Data Print'
14:16:12 - INFO - b"[21/10/2024 14:16:12] --- Failed to send data print : 'MyApplication' object has no attribute 'zebraPrinter' ---> ERROR"
14:16:12 - INFO - b'[21/10/2024 14:16:12] --- TE241018009-0003-7887-V00002K ---> Data Print'
14:16:12 - INFO - b"[21/10/2024 14:16:12] --- Failed to send data print : 'MyApplication' object has no attribute 'zebraPrinter' ---> ERROR"
14:16:12 - INFO - b'[21/10/2024 14:16:12] --- TE241018009-0003-7887-V00002L ---> Data Print'
14:16:12 - INFO - b"[21/10/2024 14:16:12] --- Failed to send data print : 'MyApplication' object has no attribute 'zebraPrinter' ---> ERROR"
14:16:13 - INFO - b'[21/10/2024 14:16:13] --- TE241018009-0003-7887-V00002M ---> Data Print'
14:16:13 - INFO - b"[21/10/2024 14:16:13] --- Failed to send data print : 'MyApplication' object has no attribute 'zebraPrinter' ---> ERROR"
14:16:13 - INFO - b'[21/10/2024 14:16:13] --- TE241018009-0003-7887-V00002N ---> Data Print'
14:16:13 - INFO - b"[21/10/2024 14:16:13] --- Failed to send data print : 'MyApplication' object has no attribute 'zebraPrinter' ---> ERROR"
14:16:13 - INFO - b'[21/10/2024 14:16:13] --- TE241018009-0003-7887-V00002P ---> Data Print'
14:16:13 - INFO - b"[21/10/2024 14:16:13] --- Failed to send data print : 'MyApplication' object has no attribute 'zebraPrinter' ---> ERROR"
14:16:13 - INFO - b'[21/10/2024 14:16:13] --- TE241018009-0003-7887-V00002Q ---> Data Print'
14:16:13 - INFO - b"[21/10/2024 14:16:13] --- Failed to send data print : 'MyApplication' object has no attribute 'zebraPrinter' ---> ERROR"
14:16:14 - INFO - b'[21/10/2024 14:16:14] --- TE241018009-0003-7887-V00002R ---> Data Print'
14:16:14 - INFO - b"[21/10/2024 14:16:14] --- Failed to send data print : 'MyApplication' object has no attribute 'zebraPrinter' ---> ERROR"
14:16:14 - INFO - b'[21/10/2024 14:16:14] --- TE241018009-0003-7887-V00002S ---> Data Print'
14:16:14 - INFO - b"[21/10/2024 14:16:14] --- Failed to send data print : 'MyApplication' object has no attribute 'zebraPrinter' ---> ERROR"
14:16:14 - INFO - b'Close Program'
14:16:17 - INFO - b'[21/10/2024 14:16:17] --- Failed to open the serial port COM8 ---> ERROR'
14:16:20 - INFO - b'[21/10/2024 14:16:20] --- Open the serial port Microsoft XPS Document Writer ---> INFO'
14:16:23 - INFO - b'[21/10/2024 14:16:23] --- Open the serial port COM7 ---> SUCCESS'
14:16:36 - INFO - b'[21/10/2024 14:16:36] --- TE241018009-0003-7887-V000021 ---> Data Print'
14:16:36 - INFO - b'[21/10/2024 14:16:36] --- TE241018009-0003-7887-V000022 ---> Data Print'
14:16:36 - INFO - b'[21/10/2024 14:16:36] --- TE241018009-0003-7887-V000023 ---> Data Print'
14:16:37 - INFO - b'[21/10/2024 14:16:37] --- TE241018009-0003-7887-V000024 ---> Data Print'
14:16:37 - INFO - b'[21/10/2024 14:16:37] --- TE241018009-0003-7887-V000025 ---> Data Print'
14:16:37 - INFO - b'[21/10/2024 14:16:37] --- TE241018009-0003-7887-V000026 ---> Data Print'
14:16:38 - INFO - b'[21/10/2024 14:16:38] --- TE241018009-0003-7887-V000027 ---> Data Print'
14:16:38 - INFO - b'[21/10/2024 14:16:38] --- TE241018009-0003-7887-V000028 ---> Data Print'
14:16:38 - INFO - b'[21/10/2024 14:16:38] --- TE241018009-0003-7887-V000029 ---> Data Print'
14:16:39 - INFO - b'[21/10/2024 14:16:39] --- TE241018009-0003-7887-V00002A ---> Data Print'
14:16:39 - INFO - b'[21/10/2024 14:16:39] --- TE241018009-0003-7887-V00002B ---> Data Print'
14:16:39 - INFO - b'[21/10/2024 14:16:39] --- TE241018009-0003-7887-V00002C ---> Data Print'
14:16:39 - INFO - b'[21/10/2024 14:16:39] --- TE241018009-0003-7887-V00002D ---> Data Print'
14:16:40 - INFO - b'[21/10/2024 14:16:40] --- TE241018009-0003-7887-V00002E ---> Data Print'
14:16:40 - INFO - b'[21/10/2024 14:16:40] --- TE241018009-0003-7887-V00002F ---> Data Print'
14:16:40 - INFO - b'[21/10/2024 14:16:40] --- TE241018009-0003-7887-V00002G ---> Data Print'
14:16:41 - INFO - b'[21/10/2024 14:16:41] --- TE241018009-0003-7887-V00002H ---> Data Print'
14:16:41 - INFO - b'[21/10/2024 14:16:41] --- TE241018009-0003-7887-V00002J ---> Data Print'
14:16:41 - INFO - b'[21/10/2024 14:16:41] --- TE241018009-0003-7887-V00002K ---> Data Print'
14:16:42 - INFO - b'[21/10/2024 14:16:42] --- TE241018009-0003-7887-V00002L ---> Data Print'
14:16:42 - INFO - b'[21/10/2024 14:16:42] --- TE241018009-0003-7887-V00002M ---> Data Print'
14:16:42 - INFO - b'[21/10/2024 14:16:42] --- TE241018009-0003-7887-V00002N ---> Data Print'
14:16:43 - INFO - b'[21/10/2024 14:16:43] --- TE241018009-0003-7887-V00002P ---> Data Print'
14:16:43 - INFO - b'[21/10/2024 14:16:43] --- TE241018009-0003-7887-V00002Q ---> Data Print'
14:16:43 - INFO - b'[21/10/2024 14:16:43] --- TE241018009-0003-7887-V00002R ---> Data Print'
14:16:44 - INFO - b'[21/10/2024 14:16:44] --- TE241018009-0003-7887-V00002S ---> Data Print'
14:16:44 - INFO - b'[21/10/2024 14:16:44] --- TE241018009-0003-7887-V00002T ---> Data Print'
14:16:44 - INFO - b'[21/10/2024 14:16:44] --- TE241018009-0003-7887-V00002U ---> Data Print'
14:16:45 - INFO - b'[21/10/2024 14:16:45] --- TE241018009-0003-7887-V00002V ---> Data Print'
14:16:45 - INFO - b'[21/10/2024 14:16:45] --- TE241018009-0003-7887-V00002W ---> Data Print'
14:16:45 - INFO - b'[21/10/2024 14:16:45] --- TE241018009-0003-7887-V00002X ---> Data Print'
14:16:45 - INFO - b'[21/10/2024 14:16:45] --- TE241018009-0003-7887-V00002Y ---> Data Print'
14:16:45 - INFO - b'[21/10/2024 14:16:45] --- Khong con stepcode nao chua in v\xe1\xbb\x9bi Box ID: 241018009-0003-7887-V00002 ---> ERROR'
14:17:16 - INFO - b'Close Program'
14:17:19 - INFO - b'[21/10/2024 14:17:19] --- Open the serial port COM8 ---> SUCCESS'
14:17:55 - INFO - b'[21/10/2024 14:17:55] --- TE241018009-0003-7887-V000021 ---> Data Print'
14:17:56 - INFO - b'[21/10/2024 14:17:56] --- TE241018009-0003-7887-V000022 ---> Data Print'
14:18:01 - INFO - b'[21/10/2024 14:18:01] --- TE241018009-0003-7887-V000023 ---> Data Print'
14:18:01 - INFO - b'[21/10/2024 14:18:01] --- TE241018009-0003-7887-V000024 ---> Data Print'
14:18:02 - INFO - b'[21/10/2024 14:18:02] --- TE241018009-0003-7887-V000025 ---> Data Print'
14:18:02 - INFO - b'[21/10/2024 14:18:02] --- TE241018009-0003-7887-V000026 ---> Data Print'
14:18:02 - INFO - b'[21/10/2024 14:18:02] --- TE241018009-0003-7887-V000027 ---> Data Print'
14:18:03 - INFO - b'[21/10/2024 14:18:03] --- TE241018009-0003-7887-V000028 ---> Data Print'
14:18:03 - INFO - b'[21/10/2024 14:18:03] --- TE241018009-0003-7887-V000029 ---> Data Print'
14:18:03 - INFO - b'[21/10/2024 14:18:03] --- TE241018009-0003-7887-V00002A ---> Data Print'
14:18:03 - INFO - b'[21/10/2024 14:18:03] --- TE241018009-0003-7887-V00002B ---> Data Print'
14:18:04 - INFO - b'[21/10/2024 14:18:04] --- TE241018009-0003-7887-V00002C ---> Data Print'
14:18:04 - INFO - b'[21/10/2024 14:18:04] --- TE241018009-0003-7887-V00002D ---> Data Print'
14:18:04 - INFO - b'[21/10/2024 14:18:04] --- TE241018009-0003-7887-V00002E ---> Data Print'
14:18:05 - INFO - b'[21/10/2024 14:18:05] --- TE241018009-0003-7887-V00002F ---> Data Print'
14:18:05 - INFO - b'[21/10/2024 14:18:05] --- TE241018009-0003-7887-V00002G ---> Data Print'
14:18:05 - INFO - b'[21/10/2024 14:18:05] --- TE241018009-0003-7887-V00002H ---> Data Print'
14:18:06 - INFO - b'[21/10/2024 14:18:06] --- TE241018009-0003-7887-V00002J ---> Data Print'
14:18:06 - INFO - b'[21/10/2024 14:18:06] --- TE241018009-0003-7887-V00002K ---> Data Print'
14:18:06 - INFO - b'[21/10/2024 14:18:06] --- TE241018009-0003-7887-V00002L ---> Data Print'
14:18:07 - INFO - b'[21/10/2024 14:18:07] --- TE241018009-0003-7887-V00002M ---> Data Print'
14:18:07 - INFO - b'[21/10/2024 14:18:07] --- TE241018009-0003-7887-V00002N ---> Data Print'
14:18:07 - INFO - b'[21/10/2024 14:18:07] --- TE241018009-0003-7887-V00002P ---> Data Print'
14:18:08 - INFO - b'[21/10/2024 14:18:08] --- TE241018009-0003-7887-V00002Q ---> Data Print'
14:18:08 - INFO - b'[21/10/2024 14:18:08] --- TE241018009-0003-7887-V00002R ---> Data Print'
14:18:08 - INFO - b'[21/10/2024 14:18:08] --- TE241018009-0003-7887-V00002S ---> Data Print'
14:18:08 - INFO - b'[21/10/2024 14:18:08] --- TE241018009-0003-7887-V00002T ---> Data Print'
14:18:09 - INFO - b'[21/10/2024 14:18:09] --- TE241018009-0003-7887-V00002U ---> Data Print'
14:18:09 - INFO - b'[21/10/2024 14:18:09] --- TE241018009-0003-7887-V00002V ---> Data Print'
14:18:09 - INFO - b'[21/10/2024 14:18:09] --- TE241018009-0003-7887-V00002W ---> Data Print'
14:18:10 - INFO - b'[21/10/2024 14:18:10] --- TE241018009-0003-7887-V00002X ---> Data Print'
14:18:10 - INFO - b'[21/10/2024 14:18:10] --- TE241018009-0003-7887-V00002Y ---> Data Print'
14:18:16 - INFO - b'[21/10/2024 14:18:16] --- Khong con stepcode nao chua in v\xe1\xbb\x9bi Box ID: 241018009-0003-7887-V00002 ---> ERROR'
14:18:33 - INFO - b'[21/10/2024 14:18:33] --- Open the serial port COM8 ---> SUCCESS'
14:18:48 - INFO - b'[21/10/2024 14:18:48] --- TE241018009-0003-7887-V000021 ---> Data Print'
14:18:51 - INFO - b'[21/10/2024 14:18:51] --- TE241018009-0003-7887-V000022 ---> Data Print'
14:18:55 - INFO - b'[21/10/2024 14:18:55] --- TE241018009-0003-7887-V000023 ---> Data Print'
14:18:55 - INFO - b'[21/10/2024 14:18:55] --- TE241018009-0003-7887-V000024 ---> Data Print'
14:18:55 - INFO - b'[21/10/2024 14:18:55] --- TE241018009-0003-7887-V000025 ---> Data Print'
14:18:56 - INFO - b'[21/10/2024 14:18:56] --- TE241018009-0003-7887-V000026 ---> Data Print'
14:18:56 - INFO - b'[21/10/2024 14:18:56] --- TE241018009-0003-7887-V000027 ---> Data Print'
14:18:56 - INFO - b'[21/10/2024 14:18:56] --- TE241018009-0003-7887-V000028 ---> Data Print'
14:18:57 - INFO - b'[21/10/2024 14:18:57] --- TE241018009-0003-7887-V000029 ---> Data Print'
14:18:57 - INFO - b'[21/10/2024 14:18:57] --- TE241018009-0003-7887-V00002A ---> Data Print'
14:18:57 - INFO - b'[21/10/2024 14:18:57] --- TE241018009-0003-7887-V00002B ---> Data Print'
14:18:58 - INFO - b'[21/10/2024 14:18:57] --- TE241018009-0003-7887-V00002C ---> Data Print'
14:18:58 - INFO - b'[21/10/2024 14:18:58] --- TE241018009-0003-7887-V00002D ---> Data Print'
14:18:58 - INFO - b'[21/10/2024 14:18:58] --- TE241018009-0003-7887-V00002E ---> Data Print'
14:18:58 - INFO - b'[21/10/2024 14:18:58] --- TE241018009-0003-7887-V00002F ---> Data Print'
14:18:59 - INFO - b'[21/10/2024 14:18:59] --- TE241018009-0003-7887-V00002G ---> Data Print'
14:18:59 - INFO - b'[21/10/2024 14:18:59] --- TE241018009-0003-7887-V00002H ---> Data Print'
14:18:59 - INFO - b'[21/10/2024 14:18:59] --- TE241018009-0003-7887-V00002J ---> Data Print'
14:19:00 - INFO - b'[21/10/2024 14:19:00] --- TE241018009-0003-7887-V00002K ---> Data Print'
14:19:00 - INFO - b'[21/10/2024 14:19:00] --- TE241018009-0003-7887-V00002L ---> Data Print'
14:19:00 - INFO - b'[21/10/2024 14:19:00] --- TE241018009-0003-7887-V00002M ---> Data Print'
14:19:01 - INFO - b'[21/10/2024 14:19:01] --- TE241018009-0003-7887-V00002N ---> Data Print'
14:19:01 - INFO - b'[21/10/2024 14:19:01] --- TE241018009-0003-7887-V00002P ---> Data Print'
14:19:01 - INFO - b'[21/10/2024 14:19:01] --- TE241018009-0003-7887-V00002Q ---> Data Print'
14:19:02 - INFO - b'[21/10/2024 14:19:02] --- TE241018009-0003-7887-V00002R ---> Data Print'
14:19:02 - INFO - b'[21/10/2024 14:19:02] --- TE241018009-0003-7887-V00002S ---> Data Print'
14:19:02 - INFO - b'[21/10/2024 14:19:02] --- TE241018009-0003-7887-V00002T ---> Data Print'
14:19:02 - INFO - b'[21/10/2024 14:19:02] --- TE241018009-0003-7887-V00002U ---> Data Print'
14:19:03 - INFO - b'[21/10/2024 14:19:03] --- TE241018009-0003-7887-V00002V ---> Data Print'
14:19:03 - INFO - b'[21/10/2024 14:19:03] --- TE241018009-0003-7887-V00002W ---> Data Print'
14:19:03 - INFO - b'[21/10/2024 14:19:03] --- TE241018009-0003-7887-V00002X ---> Data Print'
14:19:04 - INFO - b'[21/10/2024 14:19:04] --- TE241018009-0003-7887-V00002Y ---> Data Print'
14:19:10 - INFO - b'[21/10/2024 14:19:10] --- TE241018009-0003-7887-V00002Z ---> Data Print'
14:19:13 - INFO - b'[21/10/2024 14:19:13] ---  Error print GLUE BOX: list index out of range ---> Data Print'
14:19:15 - INFO - b'[21/10/2024 14:19:15] ---  Error print GLUE BOX: list index out of range ---> Data Print'
14:19:16 - INFO - b'[21/10/2024 14:19:16] ---  Error print GLUE BOX: list index out of range ---> Data Print'
14:19:24 - INFO - b'[21/10/2024 14:19:24] --- TE241018009-0003-7887-V000021 ---> Data Print'
14:19:26 - INFO - b'[21/10/2024 14:19:26] --- TE241018009-0003-7887-V000022 ---> Data Print'
14:19:28 - INFO - b'Close Program'
14:24:49 - INFO - b'[21/10/2024 14:24:49] --- Open the serial port COM8 ---> SUCCESS'
14:24:52 - INFO - b'[21/10/2024 14:24:52] --- Open the serial port Microsoft XPS Document Writer ---> INFO'
14:24:55 - INFO - b'[21/10/2024 14:24:55] --- Open the serial port COM8 ---> SUCCESS'
14:25:07 - INFO - b'Close Program'
14:28:58 - INFO - b'[21/10/2024 14:28:58] --- Open the serial port COM8 ---> SUCCESS'
14:29:19 - INFO - b'[21/10/2024 14:29:19] --- 241018009-0003-7887-V000021 ---> Data Print'
14:29:19 - INFO - b'[21/10/2024 14:29:19] --- 241018009-0003-7887-V000022 ---> Data Print'
14:29:20 - INFO - b'[21/10/2024 14:29:20] --- 241018009-0003-7887-V000023 ---> Data Print'
14:29:20 - INFO - b'[21/10/2024 14:29:20] --- 241018009-0003-7887-V000024 ---> Data Print'
14:29:20 - INFO - b'[21/10/2024 14:29:20] --- 241018009-0003-7887-V000025 ---> Data Print'
14:29:20 - INFO - b'[21/10/2024 14:29:20] --- 241018009-0003-7887-V000026 ---> Data Print'
14:29:21 - INFO - b'[21/10/2024 14:29:21] --- 241018009-0003-7887-V000027 ---> Data Print'
14:29:21 - INFO - b'[21/10/2024 14:29:21] --- 241018009-0003-7887-V000028 ---> Data Print'
14:29:21 - INFO - b'[21/10/2024 14:29:21] --- 241018009-0003-7887-V000029 ---> Data Print'
14:29:22 - INFO - b'[21/10/2024 14:29:22] --- 241018009-0003-7887-V00002A ---> Data Print'
14:29:22 - INFO - b'[21/10/2024 14:29:22] --- 241018009-0003-7887-V00002B ---> Data Print'
14:29:22 - INFO - b'[21/10/2024 14:29:22] --- 241018009-0003-7887-V00002C ---> Data Print'
14:29:23 - INFO - b'[21/10/2024 14:29:23] --- 241018009-0003-7887-V00002D ---> Data Print'
14:29:23 - INFO - b'[21/10/2024 14:29:23] --- 241018009-0003-7887-V00002E ---> Data Print'
14:29:23 - INFO - b'[21/10/2024 14:29:23] --- 241018009-0003-7887-V00002F ---> Data Print'
14:29:24 - INFO - b'[21/10/2024 14:29:24] --- 241018009-0003-7887-V00002G ---> Data Print'
14:29:24 - INFO - b'[21/10/2024 14:29:24] --- 241018009-0003-7887-V00002H ---> Data Print'
14:29:24 - INFO - b'[21/10/2024 14:29:24] --- 241018009-0003-7887-V00002J ---> Data Print'
14:29:25 - INFO - b'[21/10/2024 14:29:25] --- 241018009-0003-7887-V00002K ---> Data Print'
14:29:25 - INFO - b'[21/10/2024 14:29:25] --- 241018009-0003-7887-V00002L ---> Data Print'
14:29:25 - INFO - b'[21/10/2024 14:29:25] --- 241018009-0003-7887-V00002M ---> Data Print'
14:29:25 - INFO - b'[21/10/2024 14:29:25] --- 241018009-0003-7887-V00002N ---> Data Print'
14:29:26 - INFO - b'[21/10/2024 14:29:26] --- 241018009-0003-7887-V00002P ---> Data Print'
14:29:26 - INFO - b'[21/10/2024 14:29:26] --- 241018009-0003-7887-V00002Q ---> Data Print'
14:29:26 - INFO - b'[21/10/2024 14:29:26] --- 241018009-0003-7887-V00002R ---> Data Print'
14:29:27 - INFO - b'[21/10/2024 14:29:27] --- 241018009-0003-7887-V00002S ---> Data Print'
14:29:27 - INFO - b'[21/10/2024 14:29:27] --- 241018009-0003-7887-V00002T ---> Data Print'
14:29:27 - INFO - b'[21/10/2024 14:29:27] --- 241018009-0003-7887-V00002U ---> Data Print'
14:29:28 - INFO - b'[21/10/2024 14:29:28] --- 241018009-0003-7887-V00002V ---> Data Print'
14:29:28 - INFO - b'[21/10/2024 14:29:28] --- 241018009-0003-7887-V00002W ---> Data Print'
14:29:34 - INFO - b'Save Log API OK!'
14:29:35 - INFO - b'[21/10/2024 14:29:35] --- 241018009-0003-7887-V000021 ---> Data Print'
14:29:53 - INFO - b'[21/10/2024 14:29:53] --- 241018009-0003-7887-V00002X ---> Data Print'
14:29:58 - INFO - b'Close Program'
14:30:05 - INFO - b'[21/10/2024 14:30:05] --- Open the serial port COM8 ---> SUCCESS'
14:30:09 - INFO - b'Close Program'
14:30:12 - INFO - b'[21/10/2024 14:30:12] --- Open the serial port COM8 ---> SUCCESS'
14:30:17 - INFO - b'Close Program'
14:30:20 - INFO - b'[21/10/2024 14:30:20] --- Open the serial port COM8 ---> SUCCESS'
14:30:31 - INFO - b'Close Program'
14:30:35 - INFO - b'[21/10/2024 14:30:35] --- Open the serial port COM8 ---> SUCCESS'
14:30:45 - INFO - b'Close Program'
14:34:24 - INFO - b'[21/10/2024 14:34:24] --- Open the serial port COM8 ---> SUCCESS'
14:34:30 - INFO - b'Close Program'
14:39:36 - INFO - b'[21/10/2024 14:39:36] --- Open the serial port COM8 ---> SUCCESS'
14:39:57 - INFO - b'Close Program'
14:39:59 - INFO - b'[21/10/2024 14:39:58] --- Open the serial port COM8 ---> SUCCESS'
14:40:00 - INFO - b'Close Program'
14:40:12 - INFO - b'[21/10/2024 14:40:12] --- Open the serial port COM8 ---> SUCCESS'
14:40:47 - INFO - b'Close Program'
14:42:40 - INFO - b'[21/10/2024 14:42:40] --- Open the serial port COM8 ---> SUCCESS'
14:43:07 - INFO - b'[21/10/2024 14:43:07] --- 241018009-0003-7887-V00002Y ---> Data Print'
14:43:07 - INFO - b'[21/10/2024 14:43:07] --- 241018009-0003-7887-V00002Z ---> Data Print'
14:43:07 - INFO - b'[21/10/2024 14:43:07] ---  Error print GLUE BOX: list index out of range ---> Data Print'
14:43:26 - INFO - b'Close Program'
14:43:36 - INFO - b'[21/10/2024 14:43:36] --- Open the serial port COM8 ---> SUCCESS'
14:44:53 - INFO - b'[21/10/2024 14:44:53] --- Open the serial port COM8 ---> SUCCESS'
14:45:35 - INFO - b'[21/10/2024 14:45:35] --- 241018009-0003-7887-V00002Z ---> Data Print'
14:45:41 - INFO - b'[21/10/2024 14:45:41] ---  Error print GLUE BOX: list index out of range ---> Data Print'
14:46:27 - INFO - b'Close Program'
14:49:22 - INFO - b'[21/10/2024 14:49:22] --- Open the serial port COM8 ---> SUCCESS'
14:51:14 - INFO - b'Close Program'
14:51:15 - INFO - b'[21/10/2024 14:51:15] --- Open the serial port COM8 ---> SUCCESS'
14:51:21 - INFO - b'[21/10/2024 14:51:21] --- Open the serial port Microsoft XPS Document Writer ---> INFO'
14:51:40 - INFO - b'Close Program'
14:52:09 - INFO - b'[21/10/2024 14:52:09] --- Open the serial port COM8 ---> SUCCESS'
14:52:43 - INFO - b'[21/10/2024 14:52:43] --- 241018009-0003-7887-V000021 ---> Data Print'
14:52:45 - INFO - b'[21/10/2024 14:52:45] --- 241018009-0003-7887-V000022 ---> Data Print'
14:52:58 - INFO - b'Close Program'
14:57:25 - INFO - b'[21/10/2024 14:57:25] --- Open the serial port COM8 ---> SUCCESS'
14:57:45 - INFO - b'Save Log API OK!'
14:57:46 - INFO - b'[21/10/2024 14:57:46] --- 241018009-0003-7887-V000021 ---> Data Print'
14:57:47 - INFO - b'Save Log API OK!'
14:57:47 - INFO - b'[21/10/2024 14:57:47] --- 241018009-0003-7887-V000022 ---> Data Print'
14:57:50 - INFO - b'Save Log API OK!'
14:57:50 - INFO - b'[21/10/2024 14:57:50] --- 241018009-0003-7887-V000023 ---> Data Print'
14:57:51 - INFO - b'Save Log API OK!'
14:57:52 - INFO - b'[21/10/2024 14:57:52] --- 241018009-0003-7887-V000024 ---> Data Print'
14:57:53 - INFO - b'Save Log API OK!'
14:57:53 - INFO - b'[21/10/2024 14:57:53] --- 241018009-0003-7887-V000025 ---> Data Print'
14:57:55 - INFO - b'Save Log API OK!'
14:57:55 - INFO - b'[21/10/2024 14:57:55] --- 241018009-0003-7887-V000026 ---> Data Print'
14:57:56 - INFO - b'Save Log API OK!'
14:57:56 - INFO - b'[21/10/2024 14:57:56] --- 241018009-0003-7887-V000027 ---> Data Print'
14:57:57 - INFO - b'Save Log API OK!'
14:57:57 - INFO - b'[21/10/2024 14:57:57] --- 241018009-0003-7887-V000028 ---> Data Print'
14:58:16 - INFO - b'Save Log API OK!'
14:58:17 - INFO - b'[21/10/2024 14:58:17] --- 241018009-0003-7887-V000029 ---> Data Print'
14:58:45 - INFO - b'Close Program'
15:32:40 - INFO - b'[21/10/2024 15:32:40] --- Open the serial port COM8 ---> SUCCESS'
15:45:37 - INFO - b'Save Log API OK!'
15:45:38 - INFO - b'[21/10/2024 15:45:38] --- 241018000-0003-7887-V000011 ---> Data Print'
15:45:38 - INFO - b'Save Log API OK!'
15:45:38 - INFO - b'[21/10/2024 15:45:38] --- 241018000-0003-7887-V000012 ---> Data Print'
15:45:38 - INFO - b'Save Log API OK!'
15:45:39 - INFO - b'[21/10/2024 15:45:39] --- 241018000-0003-7887-V000013 ---> Data Print'
15:45:39 - INFO - b'Save Log API OK!'
15:45:39 - INFO - b'[21/10/2024 15:45:39] --- 241018000-0003-7887-V000014 ---> Data Print'
15:45:39 - INFO - b'Save Log API OK!'
15:45:39 - INFO - b'[21/10/2024 15:45:39] --- 241018000-0003-7887-V000015 ---> Data Print'
15:45:39 - INFO - b'Save Log API OK!'
15:45:40 - INFO - b'[21/10/2024 15:45:40] --- 241018000-0003-7887-V000016 ---> Data Print'
15:45:40 - INFO - b'Save Log API OK!'
15:45:40 - INFO - b'[21/10/2024 15:45:40] --- 241018000-0003-7887-V000017 ---> Data Print'
15:45:40 - INFO - b'Save Log API OK!'
15:45:40 - INFO - b'[21/10/2024 15:45:40] --- 241018000-0003-7887-V000018 ---> Data Print'
15:45:40 - INFO - b'Save Log API OK!'
15:45:41 - INFO - b'[21/10/2024 15:45:41] --- 241018000-0003-7887-V000019 ---> Data Print'
15:45:41 - INFO - b'Save Log API OK!'
15:45:41 - INFO - b'[21/10/2024 15:45:41] --- 241018000-0003-7887-V00001A ---> Data Print'
15:45:41 - INFO - b'Save Log API OK!'
15:45:41 - INFO - b'[21/10/2024 15:45:41] --- 241018000-0003-7887-V00001B ---> Data Print'
15:45:42 - INFO - b'Save Log API OK!'
15:45:42 - INFO - b'[21/10/2024 15:45:42] --- 241018000-0003-7887-V00001C ---> Data Print'
15:45:42 - INFO - b'Save Log API OK!'
15:45:42 - INFO - b'[21/10/2024 15:45:42] --- 241018000-0003-7887-V00001D ---> Data Print'
15:45:42 - INFO - b'Save Log API OK!'
15:45:43 - INFO - b'[21/10/2024 15:45:43] --- 241018000-0003-7887-V00001E ---> Data Print'
15:45:43 - INFO - b'Save Log API OK!'
15:45:43 - INFO - b'[21/10/2024 15:45:43] --- 241018000-0003-7887-V00001F ---> Data Print'
15:45:43 - INFO - b'Save Log API OK!'
15:45:43 - INFO - b'[21/10/2024 15:45:43] --- 241018000-0003-7887-V00001G ---> Data Print'
15:45:43 - INFO - b'Save Log API OK!'
15:45:44 - INFO - b'[21/10/2024 15:45:44] --- 241018000-0003-7887-V00001H ---> Data Print'
15:45:44 - INFO - b'Save Log API OK!'
15:45:44 - INFO - b'[21/10/2024 15:45:44] --- 241018000-0003-7887-V00001J ---> Data Print'
15:45:44 - INFO - b'Save Log API OK!'
15:45:44 - INFO - b'[21/10/2024 15:45:44] --- 241018000-0003-7887-V00001K ---> Data Print'
15:45:44 - INFO - b'Save Log API OK!'
15:45:45 - INFO - b'[21/10/2024 15:45:45] --- 241018000-0003-7887-V00001L ---> Data Print'
15:45:45 - INFO - b'Save Log API OK!'
15:45:45 - INFO - b'[21/10/2024 15:45:45] --- 241018000-0003-7887-V00001M ---> Data Print'
15:45:45 - INFO - b'Save Log API OK!'
15:45:45 - INFO - b'[21/10/2024 15:45:45] --- 241018000-0003-7887-V00001N ---> Data Print'
15:45:45 - INFO - b'Save Log API OK!'
15:45:46 - INFO - b'[21/10/2024 15:45:46] --- 241018000-0003-7887-V00001P ---> Data Print'
15:45:46 - INFO - b'Save Log API OK!'
15:45:46 - INFO - b'[21/10/2024 15:45:46] --- 241018000-0003-7887-V00001Q ---> Data Print'
15:45:46 - INFO - b'Save Log API OK!'
15:45:47 - INFO - b'[21/10/2024 15:45:47] --- 241018000-0003-7887-V00001R ---> Data Print'
15:45:47 - INFO - b'Save Log API OK!'
15:45:47 - INFO - b'[21/10/2024 15:45:47] --- 241018000-0003-7887-V00001S ---> Data Print'
15:45:47 - INFO - b'Save Log API OK!'
15:45:47 - INFO - b'[21/10/2024 15:45:47] --- 241018000-0003-7887-V00001T ---> Data Print'
15:45:47 - INFO - b'Save Log API OK!'
15:45:48 - INFO - b'[21/10/2024 15:45:48] --- 241018000-0003-7887-V00001U ---> Data Print'
15:45:48 - INFO - b'Save Log API OK!'
15:45:48 - INFO - b'[21/10/2024 15:45:48] --- 241018000-0003-7887-V00001V ---> Data Print'
15:45:48 - INFO - b'Save Log API OK!'
15:45:48 - INFO - b'[21/10/2024 15:45:48] --- 241018000-0003-7887-V00001W ---> Data Print'
15:45:48 - INFO - b'Save Log API OK!'
15:45:49 - INFO - b'[21/10/2024 15:45:49] --- 241018000-0003-7887-V00001X ---> Data Print'
15:45:49 - INFO - b'Save Log API OK!'
15:45:49 - INFO - b'[21/10/2024 15:45:49] --- 241018000-0003-7887-V00001Y ---> Data Print'
15:45:49 - INFO - b'Save Log API OK!'
15:45:49 - INFO - b'[21/10/2024 15:45:49] --- 241018000-0003-7887-V00001Z ---> Data Print'
15:45:50 - INFO - b'[21/10/2024 15:45:50] --- Khong con stepcode nao chua in voi Box ID: 241018000-0003-7887-V00001 ---> ERROR'
15:45:50 - ERROR - b'Not found next stepcode for 241018000-0003-7887-V00001'
15:52:50 - INFO - b'[21/10/2024 15:52:50] --- 241018000-0003-7887-V000011 ---> Data Print'
15:52:50 - INFO - b'[21/10/2024 15:52:50] --- 241018000-0003-7887-V000012 ---> Data Print'
15:52:50 - INFO - b'[21/10/2024 15:52:50] --- 241018000-0003-7887-V000013 ---> Data Print'
15:52:51 - INFO - b'[21/10/2024 15:52:51] --- 241018000-0003-7887-V000014 ---> Data Print'
15:52:51 - INFO - b'[21/10/2024 15:52:51] --- 241018000-0003-7887-V000015 ---> Data Print'
15:52:51 - INFO - b'[21/10/2024 15:52:51] --- 241018000-0003-7887-V000016 ---> Data Print'
15:52:52 - INFO - b'[21/10/2024 15:52:52] --- 241018000-0003-7887-V000017 ---> Data Print'
15:52:52 - INFO - b'[21/10/2024 15:52:52] --- 241018000-0003-7887-V000018 ---> Data Print'
15:52:52 - INFO - b'[21/10/2024 15:52:52] --- 241018000-0003-7887-V000019 ---> Data Print'
16:03:00 - INFO - b'[21/10/2024 16:03:00] --- Open the serial port Microsoft XPS Document Writer ---> INFO'
16:03:01 - INFO - b'[21/10/2024 16:03:01] --- 241018000-0003-7887-V000011 ---> Data Print'
16:03:22 - INFO - b'[21/10/2024 16:03:22] --- 241018000-0003-7887-V000012 ---> Data Print'
16:03:42 - INFO - b'[21/10/2024 16:03:42] --- 241018000-0003-7887-V000013 ---> Data Print'
16:03:56 - INFO - b'[21/10/2024 16:03:56] --- 241018000-0003-7887-V000014 ---> Data Print'
16:21:25 - INFO - b'[21/10/2024 16:21:25] --- Open the serial port COM8 ---> SUCCESS'
16:21:39 - INFO - b'Close Program'
16:26:39 - INFO - b'[21/10/2024 16:26:39] --- Open the serial port COM8 ---> SUCCESS'
16:26:43 - INFO - b'[21/10/2024 16:26:43] --- Open the serial port Microsoft XPS Document Writer ---> INFO'
16:27:02 - INFO - b'[21/10/2024 16:27:02] --- Cancel Print Job! ---> WARNING'
16:27:04 - INFO - b'[21/10/2024 16:27:04] --- Cancel Print Job! ---> WARNING'
16:27:24 - INFO - b'Close Program'
